2024-08-31 14:14:57,355 [Worker-3: Loading available Gradle versions] INFO  o.e.b.c.i.u.g.PublishedGradleVersions - Gradle version information cache is up-to-date. Trying to read.
2024-08-31 14:16:05,277 [Worker-7: Creating project "ShopmeProject"] INFO  o.e.m.c.i.l.LifecycleMappingFactory - Using NULL lifecycle mapping for MavenProject: com.shopme:ShopmeProject:0.0.1-SNAPSHOT @ D:\ShopmeEcommerce\ShopmeProject\pom.xml.
2024-08-31 14:17:50,587 [Worker-5: Import Getting Started Content] INFO  o.e.m.c.i.l.LifecycleMappingFactory - Using org.eclipse.m2e.jdt.JarLifecycleMapping lifecycle mapping for MavenProject: com.shopme:ShopmeCommon:0.0.1-SNAPSHOT @ D:\ShopmeEcommerce\ShopmeProject\ShopmeCommon\pom.xml.
2024-08-31 14:17:54,376 [Worker-5: Import Getting Started Content] INFO  o.e.m.j.i.AbstractJavaProjectConfigurator - Adding source folder /ShopmeCommon/src/main/java
2024-08-31 14:17:54,382 [Worker-5: Import Getting Started Content] INFO  o.e.m.j.i.AbstractJavaProjectConfigurator - Adding resource folder /ShopmeCommon/src/main/resources
2024-08-31 14:17:54,389 [Worker-5: Import Getting Started Content] INFO  o.e.m.j.i.AbstractJavaProjectConfigurator - Adding resource folder /ShopmeCommon/src/main/resources
2024-08-31 14:17:54,403 [Worker-5: Import Getting Started Content] INFO  o.e.m.j.i.AbstractJavaProjectConfigurator - Adding source folder /ShopmeCommon/src/test/java
2024-08-31 14:17:54,405 [Worker-5: Import Getting Started Content] INFO  o.e.m.j.i.AbstractJavaProjectConfigurator - Adding resource folder /ShopmeCommon/src/test/resources
2024-08-31 14:17:58,820 [Worker-5: Import Getting Started Content] INFO  o.e.m.c.i.p.ProjectConfigurationManager - Imported and configured 1 project(s) in 12 sec
2024-08-31 14:17:58,826 [Worker-5: Import Getting Started Content] INFO  o.e.m.c.i.p.ProjectConfigurationManager - Update started
2024-08-31 14:17:59,850 [Worker-5: Import Getting Started Content] INFO  o.e.m.c.i.l.LifecycleMappingFactory - Using org.eclipse.m2e.jdt.JarLifecycleMapping lifecycle mapping for MavenProject: com.shopme:ShopmeCommon:0.0.1-SNAPSHOT @ D:\ShopmeEcommerce\ShopmeProject\ShopmeCommon\pom.xml.
2024-08-31 14:18:01,551 [Worker-5: Import Getting Started Content] INFO  o.e.m.j.i.AbstractJavaProjectConfigurator - Adding source folder /ShopmeCommon/src/main/java
2024-08-31 14:18:01,552 [Worker-5: Import Getting Started Content] INFO  o.e.m.j.i.AbstractJavaProjectConfigurator - Adding resource folder /ShopmeCommon/src/main/resources
2024-08-31 14:18:01,554 [Worker-5: Import Getting Started Content] INFO  o.e.m.j.i.AbstractJavaProjectConfigurator - Adding resource folder /ShopmeCommon/src/main/resources
2024-08-31 14:18:01,555 [Worker-5: Import Getting Started Content] INFO  o.e.m.j.i.AbstractJavaProjectConfigurator - Adding source folder /ShopmeCommon/src/test/java
2024-08-31 14:18:01,556 [Worker-5: Import Getting Started Content] INFO  o.e.m.j.i.AbstractJavaProjectConfigurator - Adding resource folder /ShopmeCommon/src/test/resources
2024-08-31 14:18:02,215 [Worker-5: Import Getting Started Content] INFO  o.e.m.c.i.p.ProjectConfigurationManager - Update completed for 1 poms: local refresh takes 0.00 sec, refresh facades takes 2.00 sec, update config takes 0.00 sec 
2024-08-31 14:18:02,250 [Worker-8: Updating Maven Project] INFO  o.e.m.c.i.p.ProjectConfigurationManager - Update started
2024-08-31 14:18:03,159 [Worker-8: Updating Maven Project] INFO  o.e.m.c.i.l.LifecycleMappingFactory - Using org.eclipse.m2e.jdt.JarLifecycleMapping lifecycle mapping for MavenProject: com.shopme:ShopmeCommon:0.0.1-SNAPSHOT @ D:\ShopmeEcommerce\ShopmeProject\ShopmeCommon\pom.xml.
2024-08-31 14:18:04,963 [Worker-8: Updating Maven Project] INFO  o.e.m.j.i.AbstractJavaProjectConfigurator - Adding source folder /ShopmeCommon/src/main/java
2024-08-31 14:18:04,964 [Worker-8: Updating Maven Project] INFO  o.e.m.j.i.AbstractJavaProjectConfigurator - Adding resource folder /ShopmeCommon/src/main/resources
2024-08-31 14:18:04,965 [Worker-8: Updating Maven Project] INFO  o.e.m.j.i.AbstractJavaProjectConfigurator - Adding resource folder /ShopmeCommon/src/main/resources
2024-08-31 14:18:04,966 [Worker-8: Updating Maven Project] INFO  o.e.m.j.i.AbstractJavaProjectConfigurator - Adding source folder /ShopmeCommon/src/test/java
2024-08-31 14:18:04,966 [Worker-8: Updating Maven Project] INFO  o.e.m.j.i.AbstractJavaProjectConfigurator - Adding resource folder /ShopmeCommon/src/test/resources
2024-08-31 14:18:05,930 [Worker-8: Updating Maven Project] INFO  o.e.m.c.i.p.ProjectConfigurationManager - Update completed for 1 poms: local refresh takes 0.00 sec, refresh facades takes 2.00 sec, update config takes 0.00 sec 
2024-08-31 14:18:07,749 [Worker-9: Building] INFO  o.a.m.s.f.DefaultMavenResourcesFiltering - Copying 1 resource from src\main\resources to target\classes
2024-08-31 14:18:07,788 [Worker-9: Building] INFO  o.a.m.s.f.DefaultMavenResourcesFiltering - Copying 0 resource from src\main\resources to target\classes
2024-08-31 14:18:07,807 [Worker-9: Building] INFO  o.a.m.s.f.DefaultMavenResourcesFiltering - skip non existing resourceDirectory D:\ShopmeEcommerce\ShopmeProject\ShopmeCommon\src\test\resources
2024-08-31 14:18:35,675 [Worker-12: Building] INFO  o.e.m.c.i.l.LifecycleMappingFactory - Using NULL lifecycle mapping for MavenProject: com.shopme:ShopmeProject:0.0.1-SNAPSHOT @ D:\ShopmeEcommerce\ShopmeProject\pom.xml.
2024-08-31 14:18:56,836 [Worker-5: Building] INFO  o.a.m.s.f.DefaultMavenResourcesFiltering - Copying 1 resource from src\main\resources to target\classes
2024-08-31 14:18:56,840 [Worker-5: Building] INFO  o.a.m.s.f.DefaultMavenResourcesFiltering - Copying 0 resource from src\main\resources to target\classes
2024-08-31 14:18:56,848 [Worker-5: Building] INFO  o.a.m.s.f.DefaultMavenResourcesFiltering - skip non existing resourceDirectory D:\ShopmeEcommerce\ShopmeProject\ShopmeCommon\src\test\resources
2024-08-31 14:19:02,087 [Worker-13: Building] INFO  o.a.m.s.f.DefaultMavenResourcesFiltering - Copying 1 resource from src\main\resources to target\classes
2024-08-31 14:19:02,096 [Worker-13: Building] INFO  o.a.m.s.f.DefaultMavenResourcesFiltering - Copying 0 resource from src\main\resources to target\classes
2024-08-31 14:19:02,101 [Worker-13: Building] INFO  o.a.m.s.f.DefaultMavenResourcesFiltering - skip non existing resourceDirectory D:\ShopmeEcommerce\ShopmeProject\ShopmeCommon\src\test\resources
2024-08-31 14:19:21,818 [Worker-5: Building] INFO  o.e.m.c.i.l.LifecycleMappingFactory - Using org.eclipse.m2e.jdt.JarLifecycleMapping lifecycle mapping for MavenProject: com.shopme:ShopmeCommon:0.0.1-SNAPSHOT @ D:\ShopmeEcommerce\ShopmeProject\ShopmeCommon\pom.xml.
2024-08-31 14:19:24,393 [Worker-5: Building] INFO  o.a.m.s.f.DefaultMavenResourcesFiltering - Copying 0 resource from src\main\resources to target\classes
2024-08-31 14:19:24,394 [Worker-5: Building] INFO  o.a.m.s.f.DefaultMavenResourcesFiltering - Copying 0 resource from src\main\resources to target\classes
2024-08-31 14:19:24,438 [Worker-5: Building] INFO  o.a.m.s.f.DefaultMavenResourcesFiltering - skip non existing resourceDirectory D:\ShopmeEcommerce\ShopmeProject\ShopmeCommon\src\test\resources
2024-08-31 14:20:51,683 [Worker-11: Import Getting Started Content] INFO  o.e.m.c.i.l.LifecycleMappingFactory - Using org.eclipse.m2e.jdt.JarLifecycleMapping lifecycle mapping for MavenProject: com.shopme:ShopmeWebParent:0.0.1-SNAPSHOT @ D:\ShopmeEcommerce\ShopmeProject\ShopmeWebParent\pom.xml.
2024-08-31 14:20:53,336 [Worker-11: Import Getting Started Content] INFO  o.e.m.j.i.AbstractJavaProjectConfigurator - Adding source folder /ShopmeWebParent/src/main/java
2024-08-31 14:20:53,338 [Worker-11: Import Getting Started Content] INFO  o.e.m.j.i.AbstractJavaProjectConfigurator - Adding resource folder /ShopmeWebParent/src/main/resources
2024-08-31 14:20:53,343 [Worker-11: Import Getting Started Content] INFO  o.e.m.j.i.AbstractJavaProjectConfigurator - Adding resource folder /ShopmeWebParent/src/main/resources
2024-08-31 14:20:53,346 [Worker-11: Import Getting Started Content] INFO  o.e.m.j.i.AbstractJavaProjectConfigurator - Adding source folder /ShopmeWebParent/src/test/java
2024-08-31 14:20:53,381 [Worker-11: Import Getting Started Content] INFO  o.e.m.j.i.AbstractJavaProjectConfigurator - Adding resource folder /ShopmeWebParent/src/test/resources
2024-08-31 14:20:54,352 [Worker-11: Import Getting Started Content] INFO  o.e.m.c.i.p.ProjectConfigurationManager - Imported and configured 1 project(s) in 3 sec
2024-08-31 14:20:54,354 [Worker-11: Import Getting Started Content] INFO  o.e.m.c.i.p.ProjectConfigurationManager - Update started
2024-08-31 14:20:55,749 [Worker-11: Import Getting Started Content] INFO  o.e.m.c.i.l.LifecycleMappingFactory - Using org.eclipse.m2e.jdt.JarLifecycleMapping lifecycle mapping for MavenProject: com.shopme:ShopmeWebParent:0.0.1-SNAPSHOT @ D:\ShopmeEcommerce\ShopmeProject\ShopmeWebParent\pom.xml.
2024-08-31 14:20:57,413 [Worker-11: Import Getting Started Content] INFO  o.e.m.j.i.AbstractJavaProjectConfigurator - Adding source folder /ShopmeWebParent/src/main/java
2024-08-31 14:20:57,414 [Worker-11: Import Getting Started Content] INFO  o.e.m.j.i.AbstractJavaProjectConfigurator - Adding resource folder /ShopmeWebParent/src/main/resources
2024-08-31 14:20:57,416 [Worker-11: Import Getting Started Content] INFO  o.e.m.j.i.AbstractJavaProjectConfigurator - Adding resource folder /ShopmeWebParent/src/main/resources
2024-08-31 14:20:57,418 [Worker-11: Import Getting Started Content] INFO  o.e.m.j.i.AbstractJavaProjectConfigurator - Adding source folder /ShopmeWebParent/src/test/java
2024-08-31 14:20:57,419 [Worker-11: Import Getting Started Content] INFO  o.e.m.j.i.AbstractJavaProjectConfigurator - Adding resource folder /ShopmeWebParent/src/test/resources
2024-08-31 14:20:58,017 [Worker-11: Import Getting Started Content] INFO  o.e.m.c.i.p.ProjectConfigurationManager - Update completed for 1 poms: local refresh takes 0.00 sec, refresh facades takes 2.00 sec, update config takes 0.00 sec 
2024-08-31 14:20:59,062 [Worker-11: Building] INFO  o.a.m.s.f.DefaultMavenResourcesFiltering - Copying 1 resource from src\main\resources to target\classes
2024-08-31 14:20:59,107 [Worker-11: Building] INFO  o.a.m.s.f.DefaultMavenResourcesFiltering - Copying 0 resource from src\main\resources to target\classes
2024-08-31 14:20:59,117 [Worker-11: Building] INFO  o.a.m.s.f.DefaultMavenResourcesFiltering - skip non existing resourceDirectory D:\ShopmeEcommerce\ShopmeProject\ShopmeWebParent\src\test\resources
2024-08-31 14:21:23,562 [Worker-13: Building] INFO  o.e.m.c.i.l.LifecycleMappingFactory - Using NULL lifecycle mapping for MavenProject: com.shopme:ShopmeProject:0.0.1-SNAPSHOT @ D:\ShopmeEcommerce\ShopmeProject\pom.xml.
2024-08-31 14:21:44,012 [Worker-6: Building] INFO  o.a.m.s.f.DefaultMavenResourcesFiltering - Copying 1 resource from src\main\resources to target\classes
2024-08-31 14:21:44,018 [Worker-6: Building] INFO  o.a.m.s.f.DefaultMavenResourcesFiltering - Copying 0 resource from src\main\resources to target\classes
2024-08-31 14:21:44,025 [Worker-6: Building] INFO  o.a.m.s.f.DefaultMavenResourcesFiltering - skip non existing resourceDirectory D:\ShopmeEcommerce\ShopmeProject\ShopmeWebParent\src\test\resources
2024-08-31 14:21:59,494 [Worker-4: Building] INFO  o.a.m.s.f.DefaultMavenResourcesFiltering - Copying 1 resource from src\main\resources to target\classes
2024-08-31 14:21:59,501 [Worker-4: Building] INFO  o.a.m.s.f.DefaultMavenResourcesFiltering - Copying 0 resource from src\main\resources to target\classes
2024-08-31 14:21:59,509 [Worker-4: Building] INFO  o.a.m.s.f.DefaultMavenResourcesFiltering - skip non existing resourceDirectory D:\ShopmeEcommerce\ShopmeProject\ShopmeWebParent\src\test\resources
2024-08-31 14:22:20,442 [Worker-11: Building] INFO  o.a.m.s.f.DefaultMavenResourcesFiltering - Copying 0 resource from src\main\resources to target\classes
2024-08-31 14:22:20,444 [Worker-11: Building] INFO  o.a.m.s.f.DefaultMavenResourcesFiltering - Copying 0 resource from src\main\resources to target\classes
2024-08-31 14:22:20,450 [Worker-11: Building] INFO  o.a.m.s.f.DefaultMavenResourcesFiltering - skip non existing resourceDirectory D:\ShopmeEcommerce\ShopmeProject\ShopmeWebParent\src\test\resources
2024-08-31 14:22:51,141 [Worker-13: Building] INFO  o.e.m.c.i.l.LifecycleMappingFactory - Using NULL lifecycle mapping for MavenProject: com.shopme:ShopmeWebParent:0.0.1-SNAPSHOT @ D:\ShopmeEcommerce\ShopmeProject\ShopmeWebParent\pom.xml.
2024-08-31 14:22:51,590 [Worker-5: Updating Maven Project] INFO  o.e.m.c.i.p.ProjectConfigurationManager - Update started
2024-08-31 14:22:51,999 [Worker-5: Updating Maven Project] INFO  o.e.m.c.i.l.LifecycleMappingFactory - Using NULL lifecycle mapping for MavenProject: com.shopme:ShopmeWebParent:0.0.1-SNAPSHOT @ D:\ShopmeEcommerce\ShopmeProject\ShopmeWebParent\pom.xml.
2024-08-31 14:22:52,469 [Worker-5: Updating Maven Project] INFO  o.e.m.c.i.p.ProjectConfigurationManager - Update completed for 1 poms: local refresh takes 0.00 sec, refresh facades takes 0.00 sec, update config takes 0.00 sec 
2024-08-31 14:23:13,631 [Worker-13: Updating Maven Project] INFO  o.e.m.c.i.p.ProjectConfigurationManager - Update started
2024-08-31 14:23:14,067 [Worker-13: Updating Maven Project] INFO  o.e.m.c.i.l.LifecycleMappingFactory - Using NULL lifecycle mapping for MavenProject: com.shopme:ShopmeWebParent:0.0.1-SNAPSHOT @ D:\ShopmeEcommerce\ShopmeProject\ShopmeWebParent\pom.xml.
2024-08-31 14:23:14,429 [Worker-13: Updating Maven Project] INFO  o.e.m.c.i.p.ProjectConfigurationManager - Update completed for 1 poms: local refresh takes 0.00 sec, refresh facades takes 0.00 sec, update config takes 0.00 sec 
2024-08-31 14:24:36,824 [Worker-6: Import Getting Started Content] INFO  o.e.m.c.i.l.LifecycleMappingFactory - Using org.eclipse.m2e.jdt.JarLifecycleMapping lifecycle mapping for MavenProject: com.shopme:ShopmeBackEnd:0.0.1-SNAPSHOT @ D:\ShopmeEcommerce\ShopmeProject\ShopmeWebParent\ShopmeBackEnd\pom.xml.
2024-08-31 14:24:37,363 [Worker-6: Import Getting Started Content] INFO  o.e.m.j.i.AbstractJavaProjectConfigurator - Adding source folder /ShopmeBackEnd/src/main/java
2024-08-31 14:24:37,364 [Worker-6: Import Getting Started Content] INFO  o.e.m.j.i.AbstractJavaProjectConfigurator - Adding resource folder /ShopmeBackEnd/src/main/resources
2024-08-31 14:24:37,367 [Worker-6: Import Getting Started Content] INFO  o.e.m.j.i.AbstractJavaProjectConfigurator - Adding resource folder /ShopmeBackEnd/src/main/resources
2024-08-31 14:24:37,370 [Worker-6: Import Getting Started Content] INFO  o.e.m.j.i.AbstractJavaProjectConfigurator - Adding source folder /ShopmeBackEnd/src/test/java
2024-08-31 14:24:37,370 [Worker-6: Import Getting Started Content] INFO  o.e.m.j.i.AbstractJavaProjectConfigurator - Adding resource folder /ShopmeBackEnd/src/test/resources
2024-08-31 14:24:37,586 [Worker-6: Import Getting Started Content] INFO  o.e.m.c.i.p.ProjectConfigurationManager - Imported and configured 1 project(s) in 1 sec
2024-08-31 14:24:37,588 [Worker-6: Import Getting Started Content] INFO  o.e.m.c.i.p.ProjectConfigurationManager - Update started
2024-08-31 14:24:38,267 [Worker-6: Import Getting Started Content] INFO  o.e.m.c.i.l.LifecycleMappingFactory - Using org.eclipse.m2e.jdt.JarLifecycleMapping lifecycle mapping for MavenProject: com.shopme:ShopmeBackEnd:0.0.1-SNAPSHOT @ D:\ShopmeEcommerce\ShopmeProject\ShopmeWebParent\ShopmeBackEnd\pom.xml.
2024-08-31 14:24:39,295 [Worker-6: Import Getting Started Content] INFO  o.e.m.j.i.AbstractJavaProjectConfigurator - Adding source folder /ShopmeBackEnd/src/main/java
2024-08-31 14:24:39,296 [Worker-6: Import Getting Started Content] INFO  o.e.m.j.i.AbstractJavaProjectConfigurator - Adding resource folder /ShopmeBackEnd/src/main/resources
2024-08-31 14:24:39,297 [Worker-6: Import Getting Started Content] INFO  o.e.m.j.i.AbstractJavaProjectConfigurator - Adding resource folder /ShopmeBackEnd/src/main/resources
2024-08-31 14:24:39,298 [Worker-6: Import Getting Started Content] INFO  o.e.m.j.i.AbstractJavaProjectConfigurator - Adding source folder /ShopmeBackEnd/src/test/java
2024-08-31 14:24:39,299 [Worker-6: Import Getting Started Content] INFO  o.e.m.j.i.AbstractJavaProjectConfigurator - Adding resource folder /ShopmeBackEnd/src/test/resources
2024-08-31 14:24:39,936 [Worker-6: Import Getting Started Content] INFO  o.e.m.c.i.p.ProjectConfigurationManager - Update completed for 1 poms: local refresh takes 0.00 sec, refresh facades takes 1.00 sec, update config takes 0.00 sec 
2024-08-31 14:24:40,859 [Worker-6: Building] INFO  o.a.m.s.f.DefaultMavenResourcesFiltering - Copying 1 resource from src\main\resources to target\classes
2024-08-31 14:24:40,909 [Worker-6: Building] INFO  o.a.m.s.f.DefaultMavenResourcesFiltering - Copying 0 resource from src\main\resources to target\classes
2024-08-31 14:24:40,917 [Worker-6: Building] INFO  o.a.m.s.f.DefaultMavenResourcesFiltering - skip non existing resourceDirectory D:\ShopmeEcommerce\ShopmeProject\ShopmeWebParent\ShopmeBackEnd\src\test\resources
2024-08-31 14:25:22,986 [Worker-5: Building] INFO  o.e.m.c.i.l.LifecycleMappingFactory - Using NULL lifecycle mapping for MavenProject: com.shopme:ShopmeWebParent:0.0.1-SNAPSHOT @ D:\ShopmeEcommerce\ShopmeProject\ShopmeWebParent\pom.xml.
2024-08-31 14:26:16,841 [Worker-15: Building] INFO  o.e.m.c.i.l.LifecycleMappingFactory - Using org.eclipse.m2e.jdt.JarLifecycleMapping lifecycle mapping for MavenProject: com.shopme:ShopmeBackEnd:0.0.1-SNAPSHOT @ D:\ShopmeEcommerce\ShopmeProject\ShopmeWebParent\ShopmeBackEnd\pom.xml.
2024-08-31 14:26:17,830 [Worker-15: Building] INFO  o.a.m.s.f.DefaultMavenResourcesFiltering - Copying 0 resource from src\main\resources to target\classes
2024-08-31 14:26:17,831 [Worker-15: Building] INFO  o.a.m.s.f.DefaultMavenResourcesFiltering - Copying 0 resource from src\main\resources to target\classes
2024-08-31 14:26:17,846 [Worker-15: Building] INFO  o.a.m.s.f.DefaultMavenResourcesFiltering - skip non existing resourceDirectory D:\ShopmeEcommerce\ShopmeProject\ShopmeWebParent\ShopmeBackEnd\src\test\resources
2024-08-31 14:26:19,659 [Worker-10: Building] INFO  o.a.m.s.f.DefaultMavenResourcesFiltering - Copying 1 resource from src\main\resources to target\classes
2024-08-31 14:26:19,730 [Worker-10: Building] INFO  o.a.m.s.f.DefaultMavenResourcesFiltering - Copying 0 resource from src\main\resources to target\classes
2024-08-31 14:26:19,736 [Worker-10: Building] INFO  o.a.m.s.f.DefaultMavenResourcesFiltering - skip non existing resourceDirectory D:\ShopmeEcommerce\ShopmeProject\ShopmeWebParent\ShopmeBackEnd\src\test\resources
2024-08-31 14:27:05,335 [Worker-11: Building] INFO  o.e.m.c.i.l.LifecycleMappingFactory - Using org.eclipse.m2e.jdt.JarLifecycleMapping lifecycle mapping for MavenProject: com.shopme:ShopmeBackEnd:0.0.1-SNAPSHOT @ D:\ShopmeEcommerce\ShopmeProject\ShopmeWebParent\ShopmeBackEnd\pom.xml.
2024-08-31 14:27:06,172 [Worker-11: Building] INFO  o.a.m.s.f.DefaultMavenResourcesFiltering - Copying 0 resource from src\main\resources to target\classes
2024-08-31 14:27:06,172 [Worker-11: Building] INFO  o.a.m.s.f.DefaultMavenResourcesFiltering - Copying 0 resource from src\main\resources to target\classes
2024-08-31 14:27:06,178 [Worker-11: Building] INFO  o.a.m.s.f.DefaultMavenResourcesFiltering - skip non existing resourceDirectory D:\ShopmeEcommerce\ShopmeProject\ShopmeWebParent\ShopmeBackEnd\src\test\resources
2024-08-31 14:27:07,658 [Worker-4: Building] INFO  o.a.m.s.f.DefaultMavenResourcesFiltering - Copying 1 resource from src\main\resources to target\classes
2024-08-31 14:27:07,690 [Worker-4: Building] INFO  o.a.m.s.f.DefaultMavenResourcesFiltering - Copying 0 resource from src\main\resources to target\classes
2024-08-31 14:27:07,694 [Worker-4: Building] INFO  o.a.m.s.f.DefaultMavenResourcesFiltering - skip non existing resourceDirectory D:\ShopmeEcommerce\ShopmeProject\ShopmeWebParent\ShopmeBackEnd\src\test\resources
2024-08-31 14:27:39,460 [Worker-5: Building] INFO  o.a.m.s.f.DefaultMavenResourcesFiltering - Copying 1 resource from src\main\resources to target\classes
2024-08-31 14:27:39,466 [Worker-5: Building] INFO  o.a.m.s.f.DefaultMavenResourcesFiltering - Copying 0 resource from src\main\resources to target\classes
2024-08-31 14:27:39,471 [Worker-5: Building] INFO  o.a.m.s.f.DefaultMavenResourcesFiltering - skip non existing resourceDirectory D:\ShopmeEcommerce\ShopmeProject\ShopmeWebParent\ShopmeBackEnd\src\test\resources
2024-08-31 14:28:40,436 [Worker-13: Building] INFO  o.a.m.s.f.DefaultMavenResourcesFiltering - Copying 1 resource from src\main\resources to target\classes
2024-08-31 14:28:40,443 [Worker-13: Building] INFO  o.a.m.s.f.DefaultMavenResourcesFiltering - Copying 0 resource from src\main\resources to target\classes
2024-08-31 14:28:40,447 [Worker-13: Building] INFO  o.a.m.s.f.DefaultMavenResourcesFiltering - skip non existing resourceDirectory D:\ShopmeEcommerce\ShopmeProject\ShopmeWebParent\ShopmeBackEnd\src\test\resources
2024-08-31 14:29:24,008 [Worker-16: Building] INFO  o.e.m.c.i.l.LifecycleMappingFactory - Using NULL lifecycle mapping for MavenProject: com.shopme:ShopmeWebParent:0.0.1-SNAPSHOT @ D:\ShopmeEcommerce\ShopmeProject\ShopmeWebParent\pom.xml.
2024-08-31 14:29:24,791 [Worker-16: Building] INFO  o.e.m.c.i.l.LifecycleMappingFactory - Using org.eclipse.m2e.jdt.JarLifecycleMapping lifecycle mapping for MavenProject: com.shopme:ShopmeBackEnd:0.0.1-SNAPSHOT @ D:\ShopmeEcommerce\ShopmeProject\ShopmeWebParent\ShopmeBackEnd\pom.xml.
2024-08-31 14:29:26,799 [Worker-9: Building] INFO  o.a.m.s.f.DefaultMavenResourcesFiltering - Copying 1 resource from src\main\resources to target\classes
2024-08-31 14:29:26,822 [Worker-9: Building] INFO  o.a.m.s.f.DefaultMavenResourcesFiltering - Copying 0 resource from src\main\resources to target\classes
2024-08-31 14:29:26,826 [Worker-9: Building] INFO  o.a.m.s.f.DefaultMavenResourcesFiltering - skip non existing resourceDirectory D:\ShopmeEcommerce\ShopmeProject\ShopmeWebParent\ShopmeBackEnd\src\test\resources
2024-08-31 14:29:56,863 [Worker-14: Building] INFO  o.a.m.s.f.DefaultMavenResourcesFiltering - Copying 1 resource from src\main\resources to target\classes
2024-08-31 14:29:56,869 [Worker-14: Building] INFO  o.a.m.s.f.DefaultMavenResourcesFiltering - Copying 0 resource from src\main\resources to target\classes
2024-08-31 14:29:56,875 [Worker-14: Building] INFO  o.a.m.s.f.DefaultMavenResourcesFiltering - skip non existing resourceDirectory D:\ShopmeEcommerce\ShopmeProject\ShopmeWebParent\ShopmeBackEnd\src\test\resources
2024-08-31 14:30:26,655 [Worker-5: Building] INFO  o.a.m.s.f.DefaultMavenResourcesFiltering - Copying 1 resource from src\main\resources to target\classes
2024-08-31 14:30:26,660 [Worker-5: Building] INFO  o.a.m.s.f.DefaultMavenResourcesFiltering - Copying 0 resource from src\main\resources to target\classes
2024-08-31 14:30:26,666 [Worker-5: Building] INFO  o.a.m.s.f.DefaultMavenResourcesFiltering - skip non existing resourceDirectory D:\ShopmeEcommerce\ShopmeProject\ShopmeWebParent\ShopmeBackEnd\src\test\resources
2024-08-31 14:35:36,831 [Worker-9: Building] INFO  o.a.m.s.f.DefaultMavenResourcesFiltering - Copying 0 resource from src\main\resources to target\classes
2024-08-31 14:35:36,832 [Worker-9: Building] INFO  o.a.m.s.f.DefaultMavenResourcesFiltering - Copying 1 resource from src\main\resources to target\classes
2024-08-31 14:35:36,842 [Worker-9: Building] INFO  o.a.m.s.f.DefaultMavenResourcesFiltering - skip non existing resourceDirectory D:\ShopmeEcommerce\ShopmeProject\ShopmeWebParent\ShopmeBackEnd\src\test\resources
2024-08-31 14:36:25,760 [Worker-19: Launching ShopmeBackEnd - ShopmeBackEndApplication] INFO  o.a.m.s.f.DefaultMavenResourcesFiltering - Copying 1 resource from src\main\resources to target\classes
2024-08-31 14:36:25,790 [Worker-19: Launching ShopmeBackEnd - ShopmeBackEndApplication] INFO  o.a.m.s.f.DefaultMavenResourcesFiltering - Copying 1 resource from src\main\resources to target\classes
2024-08-31 14:36:25,794 [Worker-19: Launching ShopmeBackEnd - ShopmeBackEndApplication] INFO  o.a.m.s.f.DefaultMavenResourcesFiltering - skip non existing resourceDirectory D:\ShopmeEcommerce\ShopmeProject\ShopmeWebParent\ShopmeBackEnd\src\test\resources
2024-08-31 14:38:01,179 [Worker-18: Import Getting Started Content] INFO  o.e.m.c.i.l.LifecycleMappingFactory - Using org.eclipse.m2e.jdt.JarLifecycleMapping lifecycle mapping for MavenProject: com.shopme:ShopmeFrontEnd:0.0.1-SNAPSHOT @ D:\ShopmeEcommerce\ShopmeProject\ShopmeWebParent\ShopmeFrontEnd\pom.xml.
2024-08-31 14:38:01,768 [Worker-18: Import Getting Started Content] INFO  o.e.m.j.i.AbstractJavaProjectConfigurator - Adding source folder /ShopmeFrontEnd/src/main/java
2024-08-31 14:38:01,769 [Worker-18: Import Getting Started Content] INFO  o.e.m.j.i.AbstractJavaProjectConfigurator - Adding resource folder /ShopmeFrontEnd/src/main/resources
2024-08-31 14:38:01,772 [Worker-18: Import Getting Started Content] INFO  o.e.m.j.i.AbstractJavaProjectConfigurator - Adding resource folder /ShopmeFrontEnd/src/main/resources
2024-08-31 14:38:01,780 [Worker-18: Import Getting Started Content] INFO  o.e.m.j.i.AbstractJavaProjectConfigurator - Adding source folder /ShopmeFrontEnd/src/test/java
2024-08-31 14:38:01,783 [Worker-18: Import Getting Started Content] INFO  o.e.m.j.i.AbstractJavaProjectConfigurator - Adding resource folder /ShopmeFrontEnd/src/test/resources
2024-08-31 14:38:02,067 [Worker-18: Import Getting Started Content] INFO  o.e.m.c.i.p.ProjectConfigurationManager - Imported and configured 1 project(s) in 1 sec
2024-08-31 14:38:02,069 [Worker-18: Import Getting Started Content] INFO  o.e.m.c.i.p.ProjectConfigurationManager - Update started
2024-08-31 14:38:03,265 [Worker-18: Import Getting Started Content] INFO  o.e.m.c.i.l.LifecycleMappingFactory - Using org.eclipse.m2e.jdt.JarLifecycleMapping lifecycle mapping for MavenProject: com.shopme:ShopmeFrontEnd:0.0.1-SNAPSHOT @ D:\ShopmeEcommerce\ShopmeProject\ShopmeWebParent\ShopmeFrontEnd\pom.xml.
2024-08-31 14:38:04,048 [Worker-18: Import Getting Started Content] INFO  o.e.m.j.i.AbstractJavaProjectConfigurator - Adding source folder /ShopmeFrontEnd/src/main/java
2024-08-31 14:38:04,055 [Worker-18: Import Getting Started Content] INFO  o.e.m.j.i.AbstractJavaProjectConfigurator - Adding resource folder /ShopmeFrontEnd/src/main/resources
2024-08-31 14:38:04,058 [Worker-18: Import Getting Started Content] INFO  o.e.m.j.i.AbstractJavaProjectConfigurator - Adding resource folder /ShopmeFrontEnd/src/main/resources
2024-08-31 14:38:04,058 [Worker-18: Import Getting Started Content] INFO  o.e.m.j.i.AbstractJavaProjectConfigurator - Adding source folder /ShopmeFrontEnd/src/test/java
2024-08-31 14:38:04,059 [Worker-18: Import Getting Started Content] INFO  o.e.m.j.i.AbstractJavaProjectConfigurator - Adding resource folder /ShopmeFrontEnd/src/test/resources
2024-08-31 14:38:04,451 [Worker-18: Import Getting Started Content] INFO  o.e.m.c.i.p.ProjectConfigurationManager - Update completed for 1 poms: local refresh takes 0.00 sec, refresh facades takes 1.00 sec, update config takes 0.00 sec 
2024-08-31 14:38:04,856 [Worker-21: Building] INFO  o.a.m.s.f.DefaultMavenResourcesFiltering - Copying 1 resource from src\main\resources to target\classes
2024-08-31 14:38:04,880 [Worker-21: Building] INFO  o.a.m.s.f.DefaultMavenResourcesFiltering - Copying 0 resource from src\main\resources to target\classes
2024-08-31 14:38:04,889 [Worker-21: Building] INFO  o.a.m.s.f.DefaultMavenResourcesFiltering - skip non existing resourceDirectory D:\ShopmeEcommerce\ShopmeProject\ShopmeWebParent\ShopmeFrontEnd\src\test\resources
2024-08-31 14:38:46,045 [Worker-25: Building] INFO  o.e.m.c.i.l.LifecycleMappingFactory - Using org.eclipse.m2e.jdt.JarLifecycleMapping lifecycle mapping for MavenProject: com.shopme:ShopmeFrontEnd:0.0.1-SNAPSHOT @ D:\ShopmeEcommerce\ShopmeProject\ShopmeWebParent\ShopmeFrontEnd\pom.xml.
2024-08-31 14:38:46,645 [Worker-25: Building] INFO  o.a.m.s.f.DefaultMavenResourcesFiltering - Copying 0 resource from src\main\resources to target\classes
2024-08-31 14:38:46,646 [Worker-25: Building] INFO  o.a.m.s.f.DefaultMavenResourcesFiltering - Copying 0 resource from src\main\resources to target\classes
2024-08-31 14:38:46,651 [Worker-25: Building] INFO  o.a.m.s.f.DefaultMavenResourcesFiltering - skip non existing resourceDirectory D:\ShopmeEcommerce\ShopmeProject\ShopmeWebParent\ShopmeFrontEnd\src\test\resources
2024-08-31 14:38:48,038 [Worker-18: Building] INFO  o.a.m.s.f.DefaultMavenResourcesFiltering - Copying 1 resource from src\main\resources to target\classes
2024-08-31 14:38:48,057 [Worker-18: Building] INFO  o.a.m.s.f.DefaultMavenResourcesFiltering - Copying 0 resource from src\main\resources to target\classes
2024-08-31 14:38:48,060 [Worker-18: Building] INFO  o.a.m.s.f.DefaultMavenResourcesFiltering - skip non existing resourceDirectory D:\ShopmeEcommerce\ShopmeProject\ShopmeWebParent\ShopmeFrontEnd\src\test\resources
2024-08-31 14:39:36,471 [Worker-9: Building] INFO  o.e.m.c.i.l.LifecycleMappingFactory - Using org.eclipse.m2e.jdt.JarLifecycleMapping lifecycle mapping for MavenProject: com.shopme:ShopmeFrontEnd:0.0.1-SNAPSHOT @ D:\ShopmeEcommerce\ShopmeProject\ShopmeWebParent\ShopmeFrontEnd\pom.xml.
2024-08-31 14:39:36,983 [Worker-9: Building] INFO  o.a.m.s.f.DefaultMavenResourcesFiltering - Copying 0 resource from src\main\resources to target\classes
2024-08-31 14:39:36,983 [Worker-9: Building] INFO  o.a.m.s.f.DefaultMavenResourcesFiltering - Copying 0 resource from src\main\resources to target\classes
2024-08-31 14:39:36,989 [Worker-9: Building] INFO  o.a.m.s.f.DefaultMavenResourcesFiltering - skip non existing resourceDirectory D:\ShopmeEcommerce\ShopmeProject\ShopmeWebParent\ShopmeFrontEnd\src\test\resources
2024-08-31 14:39:38,164 [Worker-25: Building] INFO  o.a.m.s.f.DefaultMavenResourcesFiltering - Copying 1 resource from src\main\resources to target\classes
2024-08-31 14:39:38,193 [Worker-25: Building] INFO  o.a.m.s.f.DefaultMavenResourcesFiltering - Copying 0 resource from src\main\resources to target\classes
2024-08-31 14:39:38,196 [Worker-25: Building] INFO  o.a.m.s.f.DefaultMavenResourcesFiltering - skip non existing resourceDirectory D:\ShopmeEcommerce\ShopmeProject\ShopmeWebParent\ShopmeFrontEnd\src\test\resources
2024-08-31 14:40:01,890 [Worker-18: Building] INFO  o.e.m.c.i.l.LifecycleMappingFactory - Using NULL lifecycle mapping for MavenProject: com.shopme:ShopmeWebParent:0.0.1-SNAPSHOT @ D:\ShopmeEcommerce\ShopmeProject\ShopmeWebParent\pom.xml.
2024-08-31 14:40:02,477 [Worker-18: Building] INFO  o.e.m.c.i.l.LifecycleMappingFactory - Using org.eclipse.m2e.jdt.JarLifecycleMapping lifecycle mapping for MavenProject: com.shopme:ShopmeBackEnd:0.0.1-SNAPSHOT @ D:\ShopmeEcommerce\ShopmeProject\ShopmeWebParent\ShopmeBackEnd\pom.xml.
2024-08-31 14:40:02,605 [Worker-18: Building] INFO  o.e.m.c.i.l.LifecycleMappingFactory - Using org.eclipse.m2e.jdt.JarLifecycleMapping lifecycle mapping for MavenProject: com.shopme:ShopmeFrontEnd:0.0.1-SNAPSHOT @ D:\ShopmeEcommerce\ShopmeProject\ShopmeWebParent\ShopmeFrontEnd\pom.xml.
2024-08-31 14:40:29,236 [Worker-23: Building] INFO  o.a.m.s.f.DefaultMavenResourcesFiltering - Copying 1 resource from src\main\resources to target\classes
2024-08-31 14:40:29,249 [Worker-23: Building] INFO  o.a.m.s.f.DefaultMavenResourcesFiltering - Copying 0 resource from src\main\resources to target\classes
2024-08-31 14:40:29,253 [Worker-23: Building] INFO  o.a.m.s.f.DefaultMavenResourcesFiltering - skip non existing resourceDirectory D:\ShopmeEcommerce\ShopmeProject\ShopmeWebParent\ShopmeFrontEnd\src\test\resources
2024-08-31 14:41:27,939 [Worker-25: Building Workspace] INFO  o.a.m.s.f.DefaultMavenResourcesFiltering - Copying 1 resource from src\main\resources to target\classes
2024-08-31 14:41:27,944 [Worker-25: Building Workspace] INFO  o.a.m.s.f.DefaultMavenResourcesFiltering - Copying 1 resource from src\main\resources to target\classes
2024-08-31 14:41:27,953 [Worker-25: Building Workspace] INFO  o.a.m.s.f.DefaultMavenResourcesFiltering - skip non existing resourceDirectory D:\ShopmeEcommerce\ShopmeProject\ShopmeWebParent\ShopmeFrontEnd\src\test\resources
2024-08-31 14:42:16,813 [Worker-18: Building] INFO  o.a.m.s.f.DefaultMavenResourcesFiltering - Copying 0 resource from src\main\resources to target\classes
2024-08-31 14:42:16,816 [Worker-18: Building] INFO  o.a.m.s.f.DefaultMavenResourcesFiltering - Copying 1 resource from src\main\resources to target\classes
2024-08-31 14:42:16,828 [Worker-18: Building] INFO  o.a.m.s.f.DefaultMavenResourcesFiltering - skip non existing resourceDirectory D:\ShopmeEcommerce\ShopmeProject\ShopmeWebParent\ShopmeFrontEnd\src\test\resources
2024-08-31 14:42:29,004 [Worker-21: Building] INFO  o.a.m.s.f.DefaultMavenResourcesFiltering - Copying 1 resource from src\main\resources to target\classes
2024-08-31 14:42:29,009 [Worker-21: Building] INFO  o.a.m.s.f.DefaultMavenResourcesFiltering - Copying 1 resource from src\main\resources to target\classes
2024-08-31 14:42:29,014 [Worker-21: Building] INFO  o.a.m.s.f.DefaultMavenResourcesFiltering - skip non existing resourceDirectory D:\ShopmeEcommerce\ShopmeProject\ShopmeWebParent\ShopmeFrontEnd\src\test\resources
2024-08-31 14:43:13,722 [Worker-25: Launching ShopmeFrontEnd - ShopmeFrontEndApplication] INFO  o.a.m.s.f.DefaultMavenResourcesFiltering - Copying 1 resource from src\main\resources to target\classes
2024-08-31 14:43:13,726 [Worker-25: Launching ShopmeFrontEnd - ShopmeFrontEndApplication] INFO  o.a.m.s.f.DefaultMavenResourcesFiltering - Copying 1 resource from src\main\resources to target\classes
2024-08-31 14:43:13,731 [Worker-25: Launching ShopmeFrontEnd - ShopmeFrontEndApplication] INFO  o.a.m.s.f.DefaultMavenResourcesFiltering - skip non existing resourceDirectory D:\ShopmeEcommerce\ShopmeProject\ShopmeWebParent\ShopmeFrontEnd\src\test\resources
2024-08-31 14:44:27,327 [Worker-26: Launching Executing install in D__ShopmeEcommerce_ShopmeProject] INFO  o.eclipse.m2e.core.internal.Bundles - getClasspathEntries(Bundle=org.eclipse.m2e.maven.runtime_3.9.700.20240602-2313 [359])
2024-08-31 14:44:27,329 [Worker-26: Launching Executing install in D__ShopmeEcommerce_ShopmeProject] INFO  o.eclipse.m2e.core.internal.Bundles - 	Entry: D:\Java\STS4\sts-4.24.0.RELEASE\plugins\org.eclipse.m2e.maven.runtime_3.9.700.20240602-2313
2024-08-31 14:44:27,329 [Worker-26: Launching Executing install in D__ShopmeEcommerce_ShopmeProject] INFO  o.eclipse.m2e.core.internal.Bundles - 	Entry: D:\Java\STS4\sts-4.24.0.RELEASE\plugins\org.eclipse.m2e.maven.runtime_3.9.700.20240602-2313\jars\aopalliance-1.0.jar
2024-08-31 14:44:27,329 [Worker-26: Launching Executing install in D__ShopmeEcommerce_ShopmeProject] INFO  o.eclipse.m2e.core.internal.Bundles - 	Entry: D:\Java\STS4\sts-4.24.0.RELEASE\plugins\org.eclipse.m2e.maven.runtime_3.9.700.20240602-2313\jars\guice-5.1.0.jar
2024-08-31 14:44:27,329 [Worker-26: Launching Executing install in D__ShopmeEcommerce_ShopmeProject] INFO  o.eclipse.m2e.core.internal.Bundles - 	Entry: D:\Java\STS4\sts-4.24.0.RELEASE\plugins\org.eclipse.m2e.maven.runtime_3.9.700.20240602-2313\jars\httpclient-4.5.14.jar
2024-08-31 14:44:27,330 [Worker-26: Launching Executing install in D__ShopmeEcommerce_ShopmeProject] INFO  o.eclipse.m2e.core.internal.Bundles - 	Entry: D:\Java\STS4\sts-4.24.0.RELEASE\plugins\org.eclipse.m2e.maven.runtime_3.9.700.20240602-2313\jars\httpcore-4.4.16.jar
2024-08-31 14:44:27,330 [Worker-26: Launching Executing install in D__ShopmeEcommerce_ShopmeProject] INFO  o.eclipse.m2e.core.internal.Bundles - 	Entry: D:\Java\STS4\sts-4.24.0.RELEASE\plugins\org.eclipse.m2e.maven.runtime_3.9.700.20240602-2313\jars\jansi-2.4.1.jar
2024-08-31 14:44:27,330 [Worker-26: Launching Executing install in D__ShopmeEcommerce_ShopmeProject] INFO  o.eclipse.m2e.core.internal.Bundles - 	Entry: D:\Java\STS4\sts-4.24.0.RELEASE\plugins\org.eclipse.m2e.maven.runtime_3.9.700.20240602-2313\jars\jcl-over-slf4j-1.7.36.jar
2024-08-31 14:44:27,330 [Worker-26: Launching Executing install in D__ShopmeEcommerce_ShopmeProject] INFO  o.eclipse.m2e.core.internal.Bundles - 	Entry: D:\Java\STS4\sts-4.24.0.RELEASE\plugins\org.eclipse.m2e.maven.runtime_3.9.700.20240602-2313\jars\maven-artifact-3.9.7.jar
2024-08-31 14:44:27,330 [Worker-26: Launching Executing install in D__ShopmeEcommerce_ShopmeProject] INFO  o.eclipse.m2e.core.internal.Bundles - 	Entry: D:\Java\STS4\sts-4.24.0.RELEASE\plugins\org.eclipse.m2e.maven.runtime_3.9.700.20240602-2313\jars\maven-builder-support-3.9.7.jar
2024-08-31 14:44:27,330 [Worker-26: Launching Executing install in D__ShopmeEcommerce_ShopmeProject] INFO  o.eclipse.m2e.core.internal.Bundles - 	Entry: D:\Java\STS4\sts-4.24.0.RELEASE\plugins\org.eclipse.m2e.maven.runtime_3.9.700.20240602-2313\jars\maven-compat-3.9.7.jar
2024-08-31 14:44:27,330 [Worker-26: Launching Executing install in D__ShopmeEcommerce_ShopmeProject] INFO  o.eclipse.m2e.core.internal.Bundles - 	Entry: D:\Java\STS4\sts-4.24.0.RELEASE\plugins\org.eclipse.m2e.maven.runtime_3.9.700.20240602-2313\jars\maven-core-3.9.7.jar
2024-08-31 14:44:27,331 [Worker-26: Launching Executing install in D__ShopmeEcommerce_ShopmeProject] INFO  o.eclipse.m2e.core.internal.Bundles - 	Entry: D:\Java\STS4\sts-4.24.0.RELEASE\plugins\org.eclipse.m2e.maven.runtime_3.9.700.20240602-2313\jars\maven-embedder-3.9.7.jar
2024-08-31 14:44:27,331 [Worker-26: Launching Executing install in D__ShopmeEcommerce_ShopmeProject] INFO  o.eclipse.m2e.core.internal.Bundles - 	Entry: D:\Java\STS4\sts-4.24.0.RELEASE\plugins\org.eclipse.m2e.maven.runtime_3.9.700.20240602-2313\jars\maven-model-3.9.7.jar
2024-08-31 14:44:27,331 [Worker-26: Launching Executing install in D__ShopmeEcommerce_ShopmeProject] INFO  o.eclipse.m2e.core.internal.Bundles - 	Entry: D:\Java\STS4\sts-4.24.0.RELEASE\plugins\org.eclipse.m2e.maven.runtime_3.9.700.20240602-2313\jars\maven-model-builder-3.9.7.jar
2024-08-31 14:44:27,331 [Worker-26: Launching Executing install in D__ShopmeEcommerce_ShopmeProject] INFO  o.eclipse.m2e.core.internal.Bundles - 	Entry: D:\Java\STS4\sts-4.24.0.RELEASE\plugins\org.eclipse.m2e.maven.runtime_3.9.700.20240602-2313\jars\maven-plugin-api-3.9.7.jar
2024-08-31 14:44:27,331 [Worker-26: Launching Executing install in D__ShopmeEcommerce_ShopmeProject] INFO  o.eclipse.m2e.core.internal.Bundles - 	Entry: D:\Java\STS4\sts-4.24.0.RELEASE\plugins\org.eclipse.m2e.maven.runtime_3.9.700.20240602-2313\jars\maven-repository-metadata-3.9.7.jar
2024-08-31 14:44:27,331 [Worker-26: Launching Executing install in D__ShopmeEcommerce_ShopmeProject] INFO  o.eclipse.m2e.core.internal.Bundles - 	Entry: D:\Java\STS4\sts-4.24.0.RELEASE\plugins\org.eclipse.m2e.maven.runtime_3.9.700.20240602-2313\jars\maven-resolver-api-1.9.20.jar
2024-08-31 14:44:27,331 [Worker-26: Launching Executing install in D__ShopmeEcommerce_ShopmeProject] INFO  o.eclipse.m2e.core.internal.Bundles - 	Entry: D:\Java\STS4\sts-4.24.0.RELEASE\plugins\org.eclipse.m2e.maven.runtime_3.9.700.20240602-2313\jars\maven-resolver-connector-basic-1.9.20.jar
2024-08-31 14:44:27,332 [Worker-26: Launching Executing install in D__ShopmeEcommerce_ShopmeProject] INFO  o.eclipse.m2e.core.internal.Bundles - 	Entry: D:\Java\STS4\sts-4.24.0.RELEASE\plugins\org.eclipse.m2e.maven.runtime_3.9.700.20240602-2313\jars\maven-resolver-impl-1.9.20.jar
2024-08-31 14:44:27,332 [Worker-26: Launching Executing install in D__ShopmeEcommerce_ShopmeProject] INFO  o.eclipse.m2e.core.internal.Bundles - 	Entry: D:\Java\STS4\sts-4.24.0.RELEASE\plugins\org.eclipse.m2e.maven.runtime_3.9.700.20240602-2313\jars\maven-resolver-named-locks-1.9.20.jar
2024-08-31 14:44:27,332 [Worker-26: Launching Executing install in D__ShopmeEcommerce_ShopmeProject] INFO  o.eclipse.m2e.core.internal.Bundles - 	Entry: D:\Java\STS4\sts-4.24.0.RELEASE\plugins\org.eclipse.m2e.maven.runtime_3.9.700.20240602-2313\jars\maven-resolver-provider-3.9.7.jar
2024-08-31 14:44:27,332 [Worker-26: Launching Executing install in D__ShopmeEcommerce_ShopmeProject] INFO  o.eclipse.m2e.core.internal.Bundles - 	Entry: D:\Java\STS4\sts-4.24.0.RELEASE\plugins\org.eclipse.m2e.maven.runtime_3.9.700.20240602-2313\jars\maven-resolver-spi-1.9.20.jar
2024-08-31 14:44:27,333 [Worker-26: Launching Executing install in D__ShopmeEcommerce_ShopmeProject] INFO  o.eclipse.m2e.core.internal.Bundles - 	Entry: D:\Java\STS4\sts-4.24.0.RELEASE\plugins\org.eclipse.m2e.maven.runtime_3.9.700.20240602-2313\jars\maven-resolver-transport-file-1.9.20.jar
2024-08-31 14:44:27,333 [Worker-26: Launching Executing install in D__ShopmeEcommerce_ShopmeProject] INFO  o.eclipse.m2e.core.internal.Bundles - 	Entry: D:\Java\STS4\sts-4.24.0.RELEASE\plugins\org.eclipse.m2e.maven.runtime_3.9.700.20240602-2313\jars\maven-resolver-transport-http-1.9.20.jar
2024-08-31 14:44:27,333 [Worker-26: Launching Executing install in D__ShopmeEcommerce_ShopmeProject] INFO  o.eclipse.m2e.core.internal.Bundles - 	Entry: D:\Java\STS4\sts-4.24.0.RELEASE\plugins\org.eclipse.m2e.maven.runtime_3.9.700.20240602-2313\jars\maven-resolver-transport-wagon-1.9.20.jar
2024-08-31 14:44:27,333 [Worker-26: Launching Executing install in D__ShopmeEcommerce_ShopmeProject] INFO  o.eclipse.m2e.core.internal.Bundles - 	Entry: D:\Java\STS4\sts-4.24.0.RELEASE\plugins\org.eclipse.m2e.maven.runtime_3.9.700.20240602-2313\jars\maven-resolver-util-1.9.20.jar
2024-08-31 14:44:27,333 [Worker-26: Launching Executing install in D__ShopmeEcommerce_ShopmeProject] INFO  o.eclipse.m2e.core.internal.Bundles - 	Entry: D:\Java\STS4\sts-4.24.0.RELEASE\plugins\org.eclipse.m2e.maven.runtime_3.9.700.20240602-2313\jars\maven-settings-3.9.7.jar
2024-08-31 14:44:27,333 [Worker-26: Launching Executing install in D__ShopmeEcommerce_ShopmeProject] INFO  o.eclipse.m2e.core.internal.Bundles - 	Entry: D:\Java\STS4\sts-4.24.0.RELEASE\plugins\org.eclipse.m2e.maven.runtime_3.9.700.20240602-2313\jars\maven-settings-builder-3.9.7.jar
2024-08-31 14:44:27,333 [Worker-26: Launching Executing install in D__ShopmeEcommerce_ShopmeProject] INFO  o.eclipse.m2e.core.internal.Bundles - 	Entry: D:\Java\STS4\sts-4.24.0.RELEASE\plugins\org.eclipse.m2e.maven.runtime_3.9.700.20240602-2313\jars\maven-shared-utils-3.4.2.jar
2024-08-31 14:44:27,334 [Worker-26: Launching Executing install in D__ShopmeEcommerce_ShopmeProject] INFO  o.eclipse.m2e.core.internal.Bundles - 	Entry: D:\Java\STS4\sts-4.24.0.RELEASE\plugins\org.eclipse.m2e.maven.runtime_3.9.700.20240602-2313\jars\org.eclipse.sisu.inject-0.9.0.M2.jar
2024-08-31 14:44:27,334 [Worker-26: Launching Executing install in D__ShopmeEcommerce_ShopmeProject] INFO  o.eclipse.m2e.core.internal.Bundles - 	Entry: D:\Java\STS4\sts-4.24.0.RELEASE\plugins\org.eclipse.m2e.maven.runtime_3.9.700.20240602-2313\jars\org.eclipse.sisu.plexus-0.9.0.M2.jar
2024-08-31 14:44:27,334 [Worker-26: Launching Executing install in D__ShopmeEcommerce_ShopmeProject] INFO  o.eclipse.m2e.core.internal.Bundles - 	Entry: D:\Java\STS4\sts-4.24.0.RELEASE\plugins\org.eclipse.m2e.maven.runtime_3.9.700.20240602-2313\jars\plexus-build-api-0.0.7.jar
2024-08-31 14:44:27,334 [Worker-26: Launching Executing install in D__ShopmeEcommerce_ShopmeProject] INFO  o.eclipse.m2e.core.internal.Bundles - 	Entry: D:\Java\STS4\sts-4.24.0.RELEASE\plugins\org.eclipse.m2e.maven.runtime_3.9.700.20240602-2313\jars\plexus-build-api-1.2.0.jar
2024-08-31 14:44:27,334 [Worker-26: Launching Executing install in D__ShopmeEcommerce_ShopmeProject] INFO  o.eclipse.m2e.core.internal.Bundles - 	Entry: D:\Java\STS4\sts-4.24.0.RELEASE\plugins\org.eclipse.m2e.maven.runtime_3.9.700.20240602-2313\jars\plexus-cipher-2.0.jar
2024-08-31 14:44:27,334 [Worker-26: Launching Executing install in D__ShopmeEcommerce_ShopmeProject] INFO  o.eclipse.m2e.core.internal.Bundles - 	Entry: D:\Java\STS4\sts-4.24.0.RELEASE\plugins\org.eclipse.m2e.maven.runtime_3.9.700.20240602-2313\jars\plexus-classworlds-2.8.0.jar
2024-08-31 14:44:27,334 [Worker-26: Launching Executing install in D__ShopmeEcommerce_ShopmeProject] INFO  o.eclipse.m2e.core.internal.Bundles - 	Entry: D:\Java\STS4\sts-4.24.0.RELEASE\plugins\org.eclipse.m2e.maven.runtime_3.9.700.20240602-2313\jars\plexus-component-annotations-2.1.0.jar
2024-08-31 14:44:27,334 [Worker-26: Launching Executing install in D__ShopmeEcommerce_ShopmeProject] INFO  o.eclipse.m2e.core.internal.Bundles - 	Entry: D:\Java\STS4\sts-4.24.0.RELEASE\plugins\org.eclipse.m2e.maven.runtime_3.9.700.20240602-2313\jars\plexus-interpolation-1.27.jar
2024-08-31 14:44:27,334 [Worker-26: Launching Executing install in D__ShopmeEcommerce_ShopmeProject] INFO  o.eclipse.m2e.core.internal.Bundles - 	Entry: D:\Java\STS4\sts-4.24.0.RELEASE\plugins\org.eclipse.m2e.maven.runtime_3.9.700.20240602-2313\jars\plexus-sec-dispatcher-2.0.jar
2024-08-31 14:44:27,334 [Worker-26: Launching Executing install in D__ShopmeEcommerce_ShopmeProject] INFO  o.eclipse.m2e.core.internal.Bundles - 	Entry: D:\Java\STS4\sts-4.24.0.RELEASE\plugins\org.eclipse.m2e.maven.runtime_3.9.700.20240602-2313\jars\plexus-utils-3.5.1.jar
2024-08-31 14:44:27,334 [Worker-26: Launching Executing install in D__ShopmeEcommerce_ShopmeProject] INFO  o.eclipse.m2e.core.internal.Bundles - 	Entry: D:\Java\STS4\sts-4.24.0.RELEASE\plugins\org.eclipse.m2e.maven.runtime_3.9.700.20240602-2313\jars\wagon-file-3.5.3.jar
2024-08-31 14:44:27,334 [Worker-26: Launching Executing install in D__ShopmeEcommerce_ShopmeProject] INFO  o.eclipse.m2e.core.internal.Bundles - 	Entry: D:\Java\STS4\sts-4.24.0.RELEASE\plugins\org.eclipse.m2e.maven.runtime_3.9.700.20240602-2313\jars\wagon-http-3.5.3.jar
2024-08-31 14:44:27,335 [Worker-26: Launching Executing install in D__ShopmeEcommerce_ShopmeProject] INFO  o.eclipse.m2e.core.internal.Bundles - 	Entry: D:\Java\STS4\sts-4.24.0.RELEASE\plugins\org.eclipse.m2e.maven.runtime_3.9.700.20240602-2313\jars\wagon-http-shared-3.5.3.jar
2024-08-31 14:44:27,335 [Worker-26: Launching Executing install in D__ShopmeEcommerce_ShopmeProject] INFO  o.eclipse.m2e.core.internal.Bundles - 	Entry: D:\Java\STS4\sts-4.24.0.RELEASE\plugins\org.eclipse.m2e.maven.runtime_3.9.700.20240602-2313\jars\wagon-provider-api-3.5.3.jar
2024-08-31 14:44:27,335 [Worker-26: Launching Executing install in D__ShopmeEcommerce_ShopmeProject] INFO  o.eclipse.m2e.core.internal.Bundles - getClasspathEntries(Bundle=com.google.guava_33.2.0.jre [29])
2024-08-31 14:44:27,336 [Worker-26: Launching Executing install in D__ShopmeEcommerce_ShopmeProject] INFO  o.eclipse.m2e.core.internal.Bundles - 	Entry: D:\Java\STS4\sts-4.24.0.RELEASE\plugins\com.google.guava_33.2.0.jre.jar
2024-08-31 14:44:27,336 [Worker-26: Launching Executing install in D__ShopmeEcommerce_ShopmeProject] INFO  o.eclipse.m2e.core.internal.Bundles - getClasspathEntries(Bundle=slf4j.api_2.0.13 [592])
2024-08-31 14:44:27,336 [Worker-26: Launching Executing install in D__ShopmeEcommerce_ShopmeProject] INFO  o.eclipse.m2e.core.internal.Bundles - 	Entry: D:\Java\STS4\sts-4.24.0.RELEASE\plugins\slf4j.api_2.0.13.jar
2024-08-31 14:44:27,336 [Worker-26: Launching Executing install in D__ShopmeEcommerce_ShopmeProject] INFO  o.eclipse.m2e.core.internal.Bundles - getClasspathEntries(Bundle=jakarta.inject.jakarta.inject-api_1.0.5 [44])
2024-08-31 14:44:27,337 [Worker-26: Launching Executing install in D__ShopmeEcommerce_ShopmeProject] INFO  o.eclipse.m2e.core.internal.Bundles - 	Entry: D:\Java\STS4\sts-4.24.0.RELEASE\plugins\jakarta.inject.jakarta.inject-api_1.0.5.jar
2024-08-31 14:44:27,337 [Worker-26: Launching Executing install in D__ShopmeEcommerce_ShopmeProject] INFO  o.eclipse.m2e.core.internal.Bundles - getClasspathEntries(Bundle=javax.annotation_1.3.5.v20200909-1856 [53])
2024-08-31 14:44:27,337 [Worker-26: Launching Executing install in D__ShopmeEcommerce_ShopmeProject] INFO  o.eclipse.m2e.core.internal.Bundles - 	Entry: D:\Java\STS4\sts-4.24.0.RELEASE\plugins\javax.annotation_1.3.5.v20200909-1856.jar
2024-08-31 14:44:27,337 [Worker-26: Launching Executing install in D__ShopmeEcommerce_ShopmeProject] INFO  o.eclipse.m2e.core.internal.Bundles - getClasspathEntries(Bundle=org.apache.commons.cli_1.8.0 [76])
2024-08-31 14:44:27,337 [Worker-26: Launching Executing install in D__ShopmeEcommerce_ShopmeProject] INFO  o.eclipse.m2e.core.internal.Bundles - 	Entry: D:\Java\STS4\sts-4.24.0.RELEASE\plugins\org.apache.commons.cli_1.8.0.jar
2024-08-31 14:44:27,338 [Worker-26: Launching Executing install in D__ShopmeEcommerce_ShopmeProject] INFO  o.eclipse.m2e.core.internal.Bundles - getClasspathEntries(Bundle=org.apache.commons.commons-codec_1.16.0 [78])
2024-08-31 14:44:27,338 [Worker-26: Launching Executing install in D__ShopmeEcommerce_ShopmeProject] INFO  o.eclipse.m2e.core.internal.Bundles - 	Entry: D:\Java\STS4\sts-4.24.0.RELEASE\plugins\org.apache.commons.commons-codec_1.16.0.jar
2024-08-31 14:44:27,338 [Worker-26: Launching Executing install in D__ShopmeEcommerce_ShopmeProject] INFO  o.eclipse.m2e.core.internal.Bundles - getClasspathEntries(Bundle=org.apache.commons.lang3_3.14.0 [82])
2024-08-31 14:44:27,338 [Worker-26: Launching Executing install in D__ShopmeEcommerce_ShopmeProject] INFO  o.eclipse.m2e.core.internal.Bundles - 	Entry: D:\Java\STS4\sts-4.24.0.RELEASE\plugins\org.apache.commons.lang3_3.14.0.jar
2024-08-31 14:44:27,338 [Worker-26: Launching Executing install in D__ShopmeEcommerce_ShopmeProject] INFO  o.eclipse.m2e.core.internal.Bundles - getClasspathEntries(Bundle=com.google.guava.failureaccess_1.0.2 [30])
2024-08-31 14:44:27,339 [Worker-26: Launching Executing install in D__ShopmeEcommerce_ShopmeProject] INFO  o.eclipse.m2e.core.internal.Bundles - 	Entry: D:\Java\STS4\sts-4.24.0.RELEASE\plugins\com.google.guava.failureaccess_1.0.2.jar
2024-08-31 14:44:27,342 [Worker-26: Launching Executing install in D__ShopmeEcommerce_ShopmeProject] INFO  o.e.m.i.launch.MavenLaunchDelegate - Run build in "D:\ShopmeEcommerce\ShopmeProject":
2024-08-31 14:44:27,343 [Worker-26: Launching Executing install in D__ShopmeEcommerce_ShopmeProject] INFO  o.e.m.i.launch.MavenLaunchDelegate -  mvn  -B -Dstyle.color=always install
2024-08-31 14:46:28,721 [Worker-24: Building] INFO  o.a.m.s.f.DefaultMavenResourcesFiltering - Copying 1 resource from src\main\resources to target\classes
2024-08-31 14:46:28,732 [Worker-24: Building] INFO  o.a.m.s.f.DefaultMavenResourcesFiltering - Copying 1 resource from src\main\resources to target\classes
2024-08-31 14:46:28,735 [Worker-24: Building] INFO  o.a.m.s.f.DefaultMavenResourcesFiltering - skip non existing resourceDirectory D:\ShopmeEcommerce\ShopmeProject\ShopmeWebParent\ShopmeFrontEnd\src\test\resources
2024-08-31 14:46:35,658 [Worker-28: Launching Executing install in D__ShopmeEcommerce_ShopmeProject] INFO  o.eclipse.m2e.core.internal.Bundles - getClasspathEntries(Bundle=org.eclipse.m2e.maven.runtime_3.9.700.20240602-2313 [359])
2024-08-31 14:46:35,658 [Worker-28: Launching Executing install in D__ShopmeEcommerce_ShopmeProject] INFO  o.eclipse.m2e.core.internal.Bundles - 	Entry: D:\Java\STS4\sts-4.24.0.RELEASE\plugins\org.eclipse.m2e.maven.runtime_3.9.700.20240602-2313
2024-08-31 14:46:35,660 [Worker-28: Launching Executing install in D__ShopmeEcommerce_ShopmeProject] INFO  o.eclipse.m2e.core.internal.Bundles - 	Entry: D:\Java\STS4\sts-4.24.0.RELEASE\plugins\org.eclipse.m2e.maven.runtime_3.9.700.20240602-2313\jars\aopalliance-1.0.jar
2024-08-31 14:46:35,660 [Worker-28: Launching Executing install in D__ShopmeEcommerce_ShopmeProject] INFO  o.eclipse.m2e.core.internal.Bundles - 	Entry: D:\Java\STS4\sts-4.24.0.RELEASE\plugins\org.eclipse.m2e.maven.runtime_3.9.700.20240602-2313\jars\guice-5.1.0.jar
2024-08-31 14:46:35,660 [Worker-28: Launching Executing install in D__ShopmeEcommerce_ShopmeProject] INFO  o.eclipse.m2e.core.internal.Bundles - 	Entry: D:\Java\STS4\sts-4.24.0.RELEASE\plugins\org.eclipse.m2e.maven.runtime_3.9.700.20240602-2313\jars\httpclient-4.5.14.jar
2024-08-31 14:46:35,660 [Worker-28: Launching Executing install in D__ShopmeEcommerce_ShopmeProject] INFO  o.eclipse.m2e.core.internal.Bundles - 	Entry: D:\Java\STS4\sts-4.24.0.RELEASE\plugins\org.eclipse.m2e.maven.runtime_3.9.700.20240602-2313\jars\httpcore-4.4.16.jar
2024-08-31 14:46:35,660 [Worker-28: Launching Executing install in D__ShopmeEcommerce_ShopmeProject] INFO  o.eclipse.m2e.core.internal.Bundles - 	Entry: D:\Java\STS4\sts-4.24.0.RELEASE\plugins\org.eclipse.m2e.maven.runtime_3.9.700.20240602-2313\jars\jansi-2.4.1.jar
2024-08-31 14:46:35,660 [Worker-28: Launching Executing install in D__ShopmeEcommerce_ShopmeProject] INFO  o.eclipse.m2e.core.internal.Bundles - 	Entry: D:\Java\STS4\sts-4.24.0.RELEASE\plugins\org.eclipse.m2e.maven.runtime_3.9.700.20240602-2313\jars\jcl-over-slf4j-1.7.36.jar
2024-08-31 14:46:35,660 [Worker-28: Launching Executing install in D__ShopmeEcommerce_ShopmeProject] INFO  o.eclipse.m2e.core.internal.Bundles - 	Entry: D:\Java\STS4\sts-4.24.0.RELEASE\plugins\org.eclipse.m2e.maven.runtime_3.9.700.20240602-2313\jars\maven-artifact-3.9.7.jar
2024-08-31 14:46:35,660 [Worker-28: Launching Executing install in D__ShopmeEcommerce_ShopmeProject] INFO  o.eclipse.m2e.core.internal.Bundles - 	Entry: D:\Java\STS4\sts-4.24.0.RELEASE\plugins\org.eclipse.m2e.maven.runtime_3.9.700.20240602-2313\jars\maven-builder-support-3.9.7.jar
2024-08-31 14:46:35,660 [Worker-28: Launching Executing install in D__ShopmeEcommerce_ShopmeProject] INFO  o.eclipse.m2e.core.internal.Bundles - 	Entry: D:\Java\STS4\sts-4.24.0.RELEASE\plugins\org.eclipse.m2e.maven.runtime_3.9.700.20240602-2313\jars\maven-compat-3.9.7.jar
2024-08-31 14:46:35,660 [Worker-28: Launching Executing install in D__ShopmeEcommerce_ShopmeProject] INFO  o.eclipse.m2e.core.internal.Bundles - 	Entry: D:\Java\STS4\sts-4.24.0.RELEASE\plugins\org.eclipse.m2e.maven.runtime_3.9.700.20240602-2313\jars\maven-core-3.9.7.jar
2024-08-31 14:46:35,660 [Worker-28: Launching Executing install in D__ShopmeEcommerce_ShopmeProject] INFO  o.eclipse.m2e.core.internal.Bundles - 	Entry: D:\Java\STS4\sts-4.24.0.RELEASE\plugins\org.eclipse.m2e.maven.runtime_3.9.700.20240602-2313\jars\maven-embedder-3.9.7.jar
2024-08-31 14:46:35,661 [Worker-28: Launching Executing install in D__ShopmeEcommerce_ShopmeProject] INFO  o.eclipse.m2e.core.internal.Bundles - 	Entry: D:\Java\STS4\sts-4.24.0.RELEASE\plugins\org.eclipse.m2e.maven.runtime_3.9.700.20240602-2313\jars\maven-model-3.9.7.jar
2024-08-31 14:46:35,661 [Worker-28: Launching Executing install in D__ShopmeEcommerce_ShopmeProject] INFO  o.eclipse.m2e.core.internal.Bundles - 	Entry: D:\Java\STS4\sts-4.24.0.RELEASE\plugins\org.eclipse.m2e.maven.runtime_3.9.700.20240602-2313\jars\maven-model-builder-3.9.7.jar
2024-08-31 14:46:35,661 [Worker-28: Launching Executing install in D__ShopmeEcommerce_ShopmeProject] INFO  o.eclipse.m2e.core.internal.Bundles - 	Entry: D:\Java\STS4\sts-4.24.0.RELEASE\plugins\org.eclipse.m2e.maven.runtime_3.9.700.20240602-2313\jars\maven-plugin-api-3.9.7.jar
2024-08-31 14:46:35,661 [Worker-28: Launching Executing install in D__ShopmeEcommerce_ShopmeProject] INFO  o.eclipse.m2e.core.internal.Bundles - 	Entry: D:\Java\STS4\sts-4.24.0.RELEASE\plugins\org.eclipse.m2e.maven.runtime_3.9.700.20240602-2313\jars\maven-repository-metadata-3.9.7.jar
2024-08-31 14:46:35,661 [Worker-28: Launching Executing install in D__ShopmeEcommerce_ShopmeProject] INFO  o.eclipse.m2e.core.internal.Bundles - 	Entry: D:\Java\STS4\sts-4.24.0.RELEASE\plugins\org.eclipse.m2e.maven.runtime_3.9.700.20240602-2313\jars\maven-resolver-api-1.9.20.jar
2024-08-31 14:46:35,661 [Worker-28: Launching Executing install in D__ShopmeEcommerce_ShopmeProject] INFO  o.eclipse.m2e.core.internal.Bundles - 	Entry: D:\Java\STS4\sts-4.24.0.RELEASE\plugins\org.eclipse.m2e.maven.runtime_3.9.700.20240602-2313\jars\maven-resolver-connector-basic-1.9.20.jar
2024-08-31 14:46:35,661 [Worker-28: Launching Executing install in D__ShopmeEcommerce_ShopmeProject] INFO  o.eclipse.m2e.core.internal.Bundles - 	Entry: D:\Java\STS4\sts-4.24.0.RELEASE\plugins\org.eclipse.m2e.maven.runtime_3.9.700.20240602-2313\jars\maven-resolver-impl-1.9.20.jar
2024-08-31 14:46:35,661 [Worker-28: Launching Executing install in D__ShopmeEcommerce_ShopmeProject] INFO  o.eclipse.m2e.core.internal.Bundles - 	Entry: D:\Java\STS4\sts-4.24.0.RELEASE\plugins\org.eclipse.m2e.maven.runtime_3.9.700.20240602-2313\jars\maven-resolver-named-locks-1.9.20.jar
2024-08-31 14:46:35,661 [Worker-28: Launching Executing install in D__ShopmeEcommerce_ShopmeProject] INFO  o.eclipse.m2e.core.internal.Bundles - 	Entry: D:\Java\STS4\sts-4.24.0.RELEASE\plugins\org.eclipse.m2e.maven.runtime_3.9.700.20240602-2313\jars\maven-resolver-provider-3.9.7.jar
2024-08-31 14:46:35,661 [Worker-28: Launching Executing install in D__ShopmeEcommerce_ShopmeProject] INFO  o.eclipse.m2e.core.internal.Bundles - 	Entry: D:\Java\STS4\sts-4.24.0.RELEASE\plugins\org.eclipse.m2e.maven.runtime_3.9.700.20240602-2313\jars\maven-resolver-spi-1.9.20.jar
2024-08-31 14:46:35,661 [Worker-28: Launching Executing install in D__ShopmeEcommerce_ShopmeProject] INFO  o.eclipse.m2e.core.internal.Bundles - 	Entry: D:\Java\STS4\sts-4.24.0.RELEASE\plugins\org.eclipse.m2e.maven.runtime_3.9.700.20240602-2313\jars\maven-resolver-transport-file-1.9.20.jar
2024-08-31 14:46:35,662 [Worker-28: Launching Executing install in D__ShopmeEcommerce_ShopmeProject] INFO  o.eclipse.m2e.core.internal.Bundles - 	Entry: D:\Java\STS4\sts-4.24.0.RELEASE\plugins\org.eclipse.m2e.maven.runtime_3.9.700.20240602-2313\jars\maven-resolver-transport-http-1.9.20.jar
2024-08-31 14:46:35,662 [Worker-28: Launching Executing install in D__ShopmeEcommerce_ShopmeProject] INFO  o.eclipse.m2e.core.internal.Bundles - 	Entry: D:\Java\STS4\sts-4.24.0.RELEASE\plugins\org.eclipse.m2e.maven.runtime_3.9.700.20240602-2313\jars\maven-resolver-transport-wagon-1.9.20.jar
2024-08-31 14:46:35,662 [Worker-28: Launching Executing install in D__ShopmeEcommerce_ShopmeProject] INFO  o.eclipse.m2e.core.internal.Bundles - 	Entry: D:\Java\STS4\sts-4.24.0.RELEASE\plugins\org.eclipse.m2e.maven.runtime_3.9.700.20240602-2313\jars\maven-resolver-util-1.9.20.jar
2024-08-31 14:46:35,662 [Worker-28: Launching Executing install in D__ShopmeEcommerce_ShopmeProject] INFO  o.eclipse.m2e.core.internal.Bundles - 	Entry: D:\Java\STS4\sts-4.24.0.RELEASE\plugins\org.eclipse.m2e.maven.runtime_3.9.700.20240602-2313\jars\maven-settings-3.9.7.jar
2024-08-31 14:46:35,662 [Worker-28: Launching Executing install in D__ShopmeEcommerce_ShopmeProject] INFO  o.eclipse.m2e.core.internal.Bundles - 	Entry: D:\Java\STS4\sts-4.24.0.RELEASE\plugins\org.eclipse.m2e.maven.runtime_3.9.700.20240602-2313\jars\maven-settings-builder-3.9.7.jar
2024-08-31 14:46:35,662 [Worker-28: Launching Executing install in D__ShopmeEcommerce_ShopmeProject] INFO  o.eclipse.m2e.core.internal.Bundles - 	Entry: D:\Java\STS4\sts-4.24.0.RELEASE\plugins\org.eclipse.m2e.maven.runtime_3.9.700.20240602-2313\jars\maven-shared-utils-3.4.2.jar
2024-08-31 14:46:35,662 [Worker-28: Launching Executing install in D__ShopmeEcommerce_ShopmeProject] INFO  o.eclipse.m2e.core.internal.Bundles - 	Entry: D:\Java\STS4\sts-4.24.0.RELEASE\plugins\org.eclipse.m2e.maven.runtime_3.9.700.20240602-2313\jars\org.eclipse.sisu.inject-0.9.0.M2.jar
2024-08-31 14:46:35,662 [Worker-28: Launching Executing install in D__ShopmeEcommerce_ShopmeProject] INFO  o.eclipse.m2e.core.internal.Bundles - 	Entry: D:\Java\STS4\sts-4.24.0.RELEASE\plugins\org.eclipse.m2e.maven.runtime_3.9.700.20240602-2313\jars\org.eclipse.sisu.plexus-0.9.0.M2.jar
2024-08-31 14:46:35,662 [Worker-28: Launching Executing install in D__ShopmeEcommerce_ShopmeProject] INFO  o.eclipse.m2e.core.internal.Bundles - 	Entry: D:\Java\STS4\sts-4.24.0.RELEASE\plugins\org.eclipse.m2e.maven.runtime_3.9.700.20240602-2313\jars\plexus-build-api-0.0.7.jar
2024-08-31 14:46:35,662 [Worker-28: Launching Executing install in D__ShopmeEcommerce_ShopmeProject] INFO  o.eclipse.m2e.core.internal.Bundles - 	Entry: D:\Java\STS4\sts-4.24.0.RELEASE\plugins\org.eclipse.m2e.maven.runtime_3.9.700.20240602-2313\jars\plexus-build-api-1.2.0.jar
2024-08-31 14:46:35,662 [Worker-28: Launching Executing install in D__ShopmeEcommerce_ShopmeProject] INFO  o.eclipse.m2e.core.internal.Bundles - 	Entry: D:\Java\STS4\sts-4.24.0.RELEASE\plugins\org.eclipse.m2e.maven.runtime_3.9.700.20240602-2313\jars\plexus-cipher-2.0.jar
2024-08-31 14:46:35,663 [Worker-28: Launching Executing install in D__ShopmeEcommerce_ShopmeProject] INFO  o.eclipse.m2e.core.internal.Bundles - 	Entry: D:\Java\STS4\sts-4.24.0.RELEASE\plugins\org.eclipse.m2e.maven.runtime_3.9.700.20240602-2313\jars\plexus-classworlds-2.8.0.jar
2024-08-31 14:46:35,663 [Worker-28: Launching Executing install in D__ShopmeEcommerce_ShopmeProject] INFO  o.eclipse.m2e.core.internal.Bundles - 	Entry: D:\Java\STS4\sts-4.24.0.RELEASE\plugins\org.eclipse.m2e.maven.runtime_3.9.700.20240602-2313\jars\plexus-component-annotations-2.1.0.jar
2024-08-31 14:46:35,663 [Worker-28: Launching Executing install in D__ShopmeEcommerce_ShopmeProject] INFO  o.eclipse.m2e.core.internal.Bundles - 	Entry: D:\Java\STS4\sts-4.24.0.RELEASE\plugins\org.eclipse.m2e.maven.runtime_3.9.700.20240602-2313\jars\plexus-interpolation-1.27.jar
2024-08-31 14:46:35,663 [Worker-28: Launching Executing install in D__ShopmeEcommerce_ShopmeProject] INFO  o.eclipse.m2e.core.internal.Bundles - 	Entry: D:\Java\STS4\sts-4.24.0.RELEASE\plugins\org.eclipse.m2e.maven.runtime_3.9.700.20240602-2313\jars\plexus-sec-dispatcher-2.0.jar
2024-08-31 14:46:35,663 [Worker-28: Launching Executing install in D__ShopmeEcommerce_ShopmeProject] INFO  o.eclipse.m2e.core.internal.Bundles - 	Entry: D:\Java\STS4\sts-4.24.0.RELEASE\plugins\org.eclipse.m2e.maven.runtime_3.9.700.20240602-2313\jars\plexus-utils-3.5.1.jar
2024-08-31 14:46:35,663 [Worker-28: Launching Executing install in D__ShopmeEcommerce_ShopmeProject] INFO  o.eclipse.m2e.core.internal.Bundles - 	Entry: D:\Java\STS4\sts-4.24.0.RELEASE\plugins\org.eclipse.m2e.maven.runtime_3.9.700.20240602-2313\jars\wagon-file-3.5.3.jar
2024-08-31 14:46:35,663 [Worker-28: Launching Executing install in D__ShopmeEcommerce_ShopmeProject] INFO  o.eclipse.m2e.core.internal.Bundles - 	Entry: D:\Java\STS4\sts-4.24.0.RELEASE\plugins\org.eclipse.m2e.maven.runtime_3.9.700.20240602-2313\jars\wagon-http-3.5.3.jar
2024-08-31 14:46:35,663 [Worker-28: Launching Executing install in D__ShopmeEcommerce_ShopmeProject] INFO  o.eclipse.m2e.core.internal.Bundles - 	Entry: D:\Java\STS4\sts-4.24.0.RELEASE\plugins\org.eclipse.m2e.maven.runtime_3.9.700.20240602-2313\jars\wagon-http-shared-3.5.3.jar
2024-08-31 14:46:35,663 [Worker-28: Launching Executing install in D__ShopmeEcommerce_ShopmeProject] INFO  o.eclipse.m2e.core.internal.Bundles - 	Entry: D:\Java\STS4\sts-4.24.0.RELEASE\plugins\org.eclipse.m2e.maven.runtime_3.9.700.20240602-2313\jars\wagon-provider-api-3.5.3.jar
2024-08-31 14:46:35,663 [Worker-28: Launching Executing install in D__ShopmeEcommerce_ShopmeProject] INFO  o.eclipse.m2e.core.internal.Bundles - getClasspathEntries(Bundle=com.google.guava_33.2.0.jre [29])
2024-08-31 14:46:35,664 [Worker-28: Launching Executing install in D__ShopmeEcommerce_ShopmeProject] INFO  o.eclipse.m2e.core.internal.Bundles - 	Entry: D:\Java\STS4\sts-4.24.0.RELEASE\plugins\com.google.guava_33.2.0.jre.jar
2024-08-31 14:46:35,664 [Worker-28: Launching Executing install in D__ShopmeEcommerce_ShopmeProject] INFO  o.eclipse.m2e.core.internal.Bundles - getClasspathEntries(Bundle=slf4j.api_2.0.13 [592])
2024-08-31 14:46:35,664 [Worker-28: Launching Executing install in D__ShopmeEcommerce_ShopmeProject] INFO  o.eclipse.m2e.core.internal.Bundles - 	Entry: D:\Java\STS4\sts-4.24.0.RELEASE\plugins\slf4j.api_2.0.13.jar
2024-08-31 14:46:35,664 [Worker-28: Launching Executing install in D__ShopmeEcommerce_ShopmeProject] INFO  o.eclipse.m2e.core.internal.Bundles - getClasspathEntries(Bundle=jakarta.inject.jakarta.inject-api_1.0.5 [44])
2024-08-31 14:46:35,664 [Worker-28: Launching Executing install in D__ShopmeEcommerce_ShopmeProject] INFO  o.eclipse.m2e.core.internal.Bundles - 	Entry: D:\Java\STS4\sts-4.24.0.RELEASE\plugins\jakarta.inject.jakarta.inject-api_1.0.5.jar
2024-08-31 14:46:35,664 [Worker-28: Launching Executing install in D__ShopmeEcommerce_ShopmeProject] INFO  o.eclipse.m2e.core.internal.Bundles - getClasspathEntries(Bundle=javax.annotation_1.3.5.v20200909-1856 [53])
2024-08-31 14:46:35,665 [Worker-28: Launching Executing install in D__ShopmeEcommerce_ShopmeProject] INFO  o.eclipse.m2e.core.internal.Bundles - 	Entry: D:\Java\STS4\sts-4.24.0.RELEASE\plugins\javax.annotation_1.3.5.v20200909-1856.jar
2024-08-31 14:46:35,665 [Worker-28: Launching Executing install in D__ShopmeEcommerce_ShopmeProject] INFO  o.eclipse.m2e.core.internal.Bundles - getClasspathEntries(Bundle=org.apache.commons.cli_1.8.0 [76])
2024-08-31 14:46:35,665 [Worker-28: Launching Executing install in D__ShopmeEcommerce_ShopmeProject] INFO  o.eclipse.m2e.core.internal.Bundles - 	Entry: D:\Java\STS4\sts-4.24.0.RELEASE\plugins\org.apache.commons.cli_1.8.0.jar
2024-08-31 14:46:35,666 [Worker-28: Launching Executing install in D__ShopmeEcommerce_ShopmeProject] INFO  o.eclipse.m2e.core.internal.Bundles - getClasspathEntries(Bundle=org.apache.commons.commons-codec_1.16.0 [78])
2024-08-31 14:46:35,666 [Worker-28: Launching Executing install in D__ShopmeEcommerce_ShopmeProject] INFO  o.eclipse.m2e.core.internal.Bundles - 	Entry: D:\Java\STS4\sts-4.24.0.RELEASE\plugins\org.apache.commons.commons-codec_1.16.0.jar
2024-08-31 14:46:35,666 [Worker-28: Launching Executing install in D__ShopmeEcommerce_ShopmeProject] INFO  o.eclipse.m2e.core.internal.Bundles - getClasspathEntries(Bundle=org.apache.commons.lang3_3.14.0 [82])
2024-08-31 14:46:35,666 [Worker-28: Launching Executing install in D__ShopmeEcommerce_ShopmeProject] INFO  o.eclipse.m2e.core.internal.Bundles - 	Entry: D:\Java\STS4\sts-4.24.0.RELEASE\plugins\org.apache.commons.lang3_3.14.0.jar
2024-08-31 14:46:35,667 [Worker-28: Launching Executing install in D__ShopmeEcommerce_ShopmeProject] INFO  o.eclipse.m2e.core.internal.Bundles - getClasspathEntries(Bundle=com.google.guava.failureaccess_1.0.2 [30])
2024-08-31 14:46:35,667 [Worker-28: Launching Executing install in D__ShopmeEcommerce_ShopmeProject] INFO  o.eclipse.m2e.core.internal.Bundles - 	Entry: D:\Java\STS4\sts-4.24.0.RELEASE\plugins\com.google.guava.failureaccess_1.0.2.jar
2024-08-31 14:46:35,668 [Worker-28: Launching Executing install in D__ShopmeEcommerce_ShopmeProject] INFO  o.e.m.i.launch.MavenLaunchDelegate - Run build in "D:\ShopmeEcommerce\ShopmeProject":
2024-08-31 14:46:35,668 [Worker-28: Launching Executing install in D__ShopmeEcommerce_ShopmeProject] INFO  o.e.m.i.launch.MavenLaunchDelegate -  mvn  -B -Dstyle.color=always install
2024-08-31 14:46:45,793 [Worker-29: Building] INFO  o.a.m.s.f.DefaultMavenResourcesFiltering - Copying 1 resource from src\main\resources to target\classes
2024-08-31 14:46:45,806 [Worker-29: Building] INFO  o.a.m.s.f.DefaultMavenResourcesFiltering - Copying 1 resource from src\main\resources to target\classes
2024-08-31 14:46:45,811 [Worker-29: Building] INFO  o.a.m.s.f.DefaultMavenResourcesFiltering - skip non existing resourceDirectory D:\ShopmeEcommerce\ShopmeProject\ShopmeWebParent\ShopmeBackEnd\src\test\resources
2024-08-31 14:46:45,849 [Worker-29: Building] INFO  o.a.m.s.f.DefaultMavenResourcesFiltering - Copying 1 resource from src\main\resources to target\classes
2024-08-31 14:46:45,864 [Worker-29: Building] INFO  o.a.m.s.f.DefaultMavenResourcesFiltering - Copying 0 resource from src\main\resources to target\classes
2024-08-31 14:46:45,867 [Worker-29: Building] INFO  o.a.m.s.f.DefaultMavenResourcesFiltering - skip non existing resourceDirectory D:\ShopmeEcommerce\ShopmeProject\ShopmeCommon\src\test\resources
2024-08-31 14:46:46,177 [Worker-21: Building] INFO  o.a.m.s.f.DefaultMavenResourcesFiltering - Copying 1 resource from src\main\resources to target\classes
2024-08-31 14:46:46,186 [Worker-21: Building] INFO  o.a.m.s.f.DefaultMavenResourcesFiltering - Copying 1 resource from src\main\resources to target\classes
2024-08-31 14:46:46,191 [Worker-21: Building] INFO  o.a.m.s.f.DefaultMavenResourcesFiltering - skip non existing resourceDirectory D:\ShopmeEcommerce\ShopmeProject\ShopmeWebParent\ShopmeFrontEnd\src\test\resources
2024-08-31 15:03:14,690 [Worker-36: Building] INFO  o.e.m.c.i.l.LifecycleMappingFactory - Using NULL lifecycle mapping for MavenProject: com.shopme:ShopmeWebParent:0.0.1-SNAPSHOT @ D:\ShopmeEcommerce\ShopmeProject\ShopmeWebParent\pom.xml.
2024-08-31 15:03:14,966 [Worker-36: Building] INFO  o.e.m.c.i.l.LifecycleMappingFactory - Using org.eclipse.m2e.jdt.JarLifecycleMapping lifecycle mapping for MavenProject: com.shopme:ShopmeBackEnd:0.0.1-SNAPSHOT @ D:\ShopmeEcommerce\ShopmeProject\ShopmeWebParent\ShopmeBackEnd\pom.xml.
2024-08-31 15:03:15,073 [Worker-36: Building] INFO  o.e.m.c.i.l.LifecycleMappingFactory - Using org.eclipse.m2e.jdt.JarLifecycleMapping lifecycle mapping for MavenProject: com.shopme:ShopmeFrontEnd:0.0.1-SNAPSHOT @ D:\ShopmeEcommerce\ShopmeProject\ShopmeWebParent\ShopmeFrontEnd\pom.xml.
2024-08-31 15:03:17,169 [Worker-34: Building] INFO  o.a.m.s.f.DefaultMavenResourcesFiltering - Copying 1 resource from src\main\resources to target\classes
2024-08-31 15:03:17,235 [Worker-34: Building] INFO  o.a.m.s.f.DefaultMavenResourcesFiltering - Copying 1 resource from src\main\resources to target\classes
2024-08-31 15:03:17,260 [Worker-34: Building] INFO  o.a.m.s.f.DefaultMavenResourcesFiltering - skip non existing resourceDirectory D:\ShopmeEcommerce\ShopmeProject\ShopmeWebParent\ShopmeBackEnd\src\test\resources
2024-08-31 15:03:17,674 [Worker-34: Building] INFO  o.a.m.s.f.DefaultMavenResourcesFiltering - Copying 1 resource from src\main\resources to target\classes
2024-08-31 15:03:17,706 [Worker-34: Building] INFO  o.a.m.s.f.DefaultMavenResourcesFiltering - Copying 1 resource from src\main\resources to target\classes
2024-08-31 15:03:17,717 [Worker-34: Building] INFO  o.a.m.s.f.DefaultMavenResourcesFiltering - skip non existing resourceDirectory D:\ShopmeEcommerce\ShopmeProject\ShopmeWebParent\ShopmeFrontEnd\src\test\resources
2024-08-31 15:08:47,256 [Worker-38: Building] INFO  o.e.m.c.i.l.LifecycleMappingFactory - Using org.eclipse.m2e.jdt.JarLifecycleMapping lifecycle mapping for MavenProject: com.shopme:ShopmeBackEnd:0.0.1-SNAPSHOT @ D:\ShopmeEcommerce\ShopmeProject\ShopmeWebParent\ShopmeBackEnd\pom.xml.
2024-08-31 15:08:47,754 [Worker-38: Building] INFO  o.e.m.c.i.e.AbstractTransferListenerAdapter - Downloading https://repo.maven.apache.org/maven2/org/springframework/boot/spring-boot-devtools/3.3.3/spring-boot-devtools-3.3.3.pom
2024-08-31 15:08:47,772 [Worker-38: Building] INFO  o.e.m.c.i.e.AbstractTransferListenerAdapter - Downloaded https://repo.maven.apache.org/maven2/org/springframework/boot/spring-boot-devtools/3.3.3/spring-boot-devtools-3.3.3.pom
2024-08-31 15:08:48,832 [Worker-38: Building] INFO  o.e.m.c.i.e.AbstractTransferListenerAdapter - Downloading https://repo.maven.apache.org/maven2/org/springframework/boot/spring-boot-devtools/3.3.3/spring-boot-devtools-3.3.3.jar
2024-08-31 15:08:48,988 [Worker-38: Building] INFO  o.e.m.c.i.e.AbstractTransferListenerAdapter - Downloaded https://repo.maven.apache.org/maven2/org/springframework/boot/spring-boot-devtools/3.3.3/spring-boot-devtools-3.3.3.jar
2024-08-31 15:08:49,695 [Worker-38: Building] INFO  o.a.m.s.f.DefaultMavenResourcesFiltering - Copying 0 resource from src\main\resources to target\classes
2024-08-31 15:08:49,696 [Worker-38: Building] INFO  o.a.m.s.f.DefaultMavenResourcesFiltering - Copying 0 resource from src\main\resources to target\classes
2024-08-31 15:08:49,703 [Worker-38: Building] INFO  o.a.m.s.f.DefaultMavenResourcesFiltering - skip non existing resourceDirectory D:\ShopmeEcommerce\ShopmeProject\ShopmeWebParent\ShopmeBackEnd\src\test\resources
2024-08-31 15:08:50,330 [Worker-34: Download sources and javadoc] INFO  o.e.m.c.i.e.AbstractTransferListenerAdapter - Downloading https://repo.maven.apache.org/maven2/org/springframework/boot/spring-boot-devtools/3.3.3/spring-boot-devtools-3.3.3-sources.jar
2024-08-31 15:08:50,377 [Worker-34: Download sources and javadoc] INFO  o.e.m.c.i.e.AbstractTransferListenerAdapter - Downloaded https://repo.maven.apache.org/maven2/org/springframework/boot/spring-boot-devtools/3.3.3/spring-boot-devtools-3.3.3-sources.jar
2024-08-31 15:08:50,383 [Worker-34: Download sources and javadoc] INFO  o.e.m.j.internal.DownloadSourcesJob - Downloaded sources for org.springframework.boot:spring-boot-devtools:3.3.3
2024-08-31 15:08:52,452 [Worker-38: Building] INFO  o.a.m.s.f.DefaultMavenResourcesFiltering - Copying 1 resource from src\main\resources to target\classes
2024-08-31 15:08:52,486 [Worker-38: Building] INFO  o.a.m.s.f.DefaultMavenResourcesFiltering - Copying 1 resource from src\main\resources to target\classes
2024-08-31 15:08:52,499 [Worker-38: Building] INFO  o.a.m.s.f.DefaultMavenResourcesFiltering - skip non existing resourceDirectory D:\ShopmeEcommerce\ShopmeProject\ShopmeWebParent\ShopmeBackEnd\src\test\resources
2024-08-31 15:09:25,272 [Worker-36: Building] INFO  o.a.m.s.f.DefaultMavenResourcesFiltering - Copying 0 resource from src\main\resources to target\classes
2024-08-31 15:09:25,275 [Worker-36: Building] INFO  o.a.m.s.f.DefaultMavenResourcesFiltering - Copying 1 resource from src\main\resources to target\classes
2024-08-31 15:09:25,287 [Worker-36: Building] INFO  o.a.m.s.f.DefaultMavenResourcesFiltering - skip non existing resourceDirectory D:\ShopmeEcommerce\ShopmeProject\ShopmeWebParent\ShopmeBackEnd\src\test\resources
2024-08-31 15:12:05,959 [Worker-29: Building] INFO  o.a.m.s.f.DefaultMavenResourcesFiltering - Copying 0 resource from src\main\resources to target\classes
2024-08-31 15:12:05,963 [Worker-29: Building] INFO  o.a.m.s.f.DefaultMavenResourcesFiltering - Copying 1 resource from src\main\resources to target\classes
2024-08-31 15:12:05,985 [Worker-29: Building] INFO  o.a.m.s.f.DefaultMavenResourcesFiltering - skip non existing resourceDirectory D:\ShopmeEcommerce\ShopmeProject\ShopmeWebParent\ShopmeBackEnd\src\test\resources
2024-08-31 15:14:53,622 [Worker-29: Building] INFO  o.a.m.s.f.DefaultMavenResourcesFiltering - Copying 0 resource from src\main\resources to target\classes
2024-08-31 15:14:53,623 [Worker-29: Building] INFO  o.a.m.s.f.DefaultMavenResourcesFiltering - Copying 1 resource from src\main\resources to target\classes
2024-08-31 15:14:53,628 [Worker-29: Building] INFO  o.a.m.s.f.DefaultMavenResourcesFiltering - skip non existing resourceDirectory D:\ShopmeEcommerce\ShopmeProject\ShopmeWebParent\ShopmeBackEnd\src\test\resources
2024-08-31 15:17:18,085 [Worker-35: Building] INFO  o.a.m.s.f.DefaultMavenResourcesFiltering - Copying 0 resource from src\main\resources to target\classes
2024-08-31 15:17:18,086 [Worker-35: Building] INFO  o.a.m.s.f.DefaultMavenResourcesFiltering - Copying 1 resource from src\main\resources to target\classes
2024-08-31 15:17:18,090 [Worker-35: Building] INFO  o.a.m.s.f.DefaultMavenResourcesFiltering - skip non existing resourceDirectory D:\ShopmeEcommerce\ShopmeProject\ShopmeWebParent\ShopmeBackEnd\src\test\resources
2024-08-31 15:19:17,912 [Worker-35: Building] INFO  o.a.m.s.f.DefaultMavenResourcesFiltering - Copying 0 resource from src\main\resources to target\classes
2024-08-31 15:19:17,915 [Worker-35: Building] INFO  o.a.m.s.f.DefaultMavenResourcesFiltering - Copying 1 resource from src\main\resources to target\classes
2024-08-31 15:19:17,925 [Worker-35: Building] INFO  o.a.m.s.f.DefaultMavenResourcesFiltering - skip non existing resourceDirectory D:\ShopmeEcommerce\ShopmeProject\ShopmeWebParent\ShopmeBackEnd\src\test\resources
2024-08-31 15:19:43,831 [Worker-38: Building] INFO  o.a.m.s.f.DefaultMavenResourcesFiltering - Copying 0 resource from src\main\resources to target\classes
2024-08-31 15:19:43,837 [Worker-38: Building] INFO  o.a.m.s.f.DefaultMavenResourcesFiltering - Copying 1 resource from src\main\resources to target\classes
2024-08-31 15:19:43,850 [Worker-38: Building] INFO  o.a.m.s.f.DefaultMavenResourcesFiltering - skip non existing resourceDirectory D:\ShopmeEcommerce\ShopmeProject\ShopmeWebParent\ShopmeBackEnd\src\test\resources
2024-08-31 15:20:06,891 [Worker-39: Building] INFO  o.a.m.s.f.DefaultMavenResourcesFiltering - Copying 0 resource from src\main\resources to target\classes
2024-08-31 15:20:06,892 [Worker-39: Building] INFO  o.a.m.s.f.DefaultMavenResourcesFiltering - Copying 1 resource from src\main\resources to target\classes
2024-08-31 15:20:06,896 [Worker-39: Building] INFO  o.a.m.s.f.DefaultMavenResourcesFiltering - skip non existing resourceDirectory D:\ShopmeEcommerce\ShopmeProject\ShopmeWebParent\ShopmeBackEnd\src\test\resources
2024-08-31 15:21:14,114 [Worker-38: Building] INFO  o.a.m.s.f.DefaultMavenResourcesFiltering - Copying 0 resource from src\main\resources to target\classes
2024-08-31 15:21:14,116 [Worker-38: Building] INFO  o.a.m.s.f.DefaultMavenResourcesFiltering - Copying 1 resource from src\main\resources to target\classes
2024-08-31 15:21:14,120 [Worker-38: Building] INFO  o.a.m.s.f.DefaultMavenResourcesFiltering - skip non existing resourceDirectory D:\ShopmeEcommerce\ShopmeProject\ShopmeWebParent\ShopmeBackEnd\src\test\resources
2024-08-31 15:26:58,654 [Worker-36: Building] INFO  o.a.m.s.f.DefaultMavenResourcesFiltering - Copying 0 resource from src\main\resources to target\classes
2024-08-31 15:26:58,656 [Worker-36: Building] INFO  o.a.m.s.f.DefaultMavenResourcesFiltering - Copying 1 resource from src\main\resources to target\classes
2024-08-31 15:26:58,662 [Worker-36: Building] INFO  o.a.m.s.f.DefaultMavenResourcesFiltering - skip non existing resourceDirectory D:\ShopmeEcommerce\ShopmeProject\ShopmeWebParent\ShopmeBackEnd\src\test\resources
2024-08-31 15:29:46,946 [Worker-38: Building] INFO  o.a.m.s.f.DefaultMavenResourcesFiltering - Copying 0 resource from src\main\resources to target\classes
2024-08-31 15:29:46,947 [Worker-38: Building] INFO  o.a.m.s.f.DefaultMavenResourcesFiltering - Copying 1 resource from src\main\resources to target\classes
2024-08-31 15:29:46,951 [Worker-38: Building] INFO  o.a.m.s.f.DefaultMavenResourcesFiltering - skip non existing resourceDirectory D:\ShopmeEcommerce\ShopmeProject\ShopmeWebParent\ShopmeBackEnd\src\test\resources
